ARM GAS  C:\Users\nkhedkar\AppData\Local\Temp\ccaT051u.s 			page 1


   1              		.syntax unified
   2              		.cpu cortex-m3
   3              		.fpu softvfp
   4              		.eabi_attribute 20, 1
   5              		.eabi_attribute 21, 1
   6              		.eabi_attribute 23, 3
   7              		.eabi_attribute 24, 1
   8              		.eabi_attribute 25, 1
   9              		.eabi_attribute 26, 1
  10              		.eabi_attribute 30, 1
  11              		.eabi_attribute 34, 1
  12              		.eabi_attribute 18, 4
  13              		.thumb
  14              		.syntax unified
  15              		.file	"cymetadata.c"
  16              		.text
  17              	.Ltext0:
  18              		.cfi_sections	.debug_frame
  19              		.global	cy_metadata
  20              		.global	cy_meta_flashprotect
  21              		.global	cy_meta_wonvl
  22              		.global	cy_meta_custnvl
  23              		.global	cy_meta_configecc
  24              		.section	.cyconfigecc,"a",%progbits
  25              		.align	2
  26              		.type	cy_meta_configecc, %object
  27              		.size	cy_meta_configecc, 2536
  28              	cy_meta_configecc:
  29 0000 05       		.byte	5
  30 0001 52       		.byte	82
  31 0002 00       		.byte	0
  32 0003 40       		.byte	64
  33 0004 06       		.byte	6
  34 0005 64       		.byte	100
  35 0006 00       		.byte	0
  36 0007 40       		.byte	64
  37 0008 03       		.byte	3
  38 0009 65       		.byte	101
  39 000a 00       		.byte	0
  40 000b 40       		.byte	64
  41 000c 01       		.byte	1
  42 000d 03       		.byte	3
  43 000e 01       		.byte	1
  44 000f 40       		.byte	64
  45 0010 03       		.byte	3
  46 0011 05       		.byte	5
  47 0012 01       		.byte	1
  48 0013 40       		.byte	64
  49 0014 03       		.byte	3
  50 0015 07       		.byte	7
  51 0016 01       		.byte	1
  52 0017 40       		.byte	64
  53 0018 5F       		.byte	95
  54 0019 08       		.byte	8
  55 001a 01       		.byte	1
  56 001b 40       		.byte	64
  57 001c 40       		.byte	64
ARM GAS  C:\Users\nkhedkar\AppData\Local\Temp\ccaT051u.s 			page 2


  58 001d 09       		.byte	9
  59 001e 01       		.byte	1
  60 001f 40       		.byte	64
  61 0020 50       		.byte	80
  62 0021 0A       		.byte	10
  63 0022 01       		.byte	1
  64 0023 40       		.byte	64
  65 0024 46       		.byte	70
  66 0025 0B       		.byte	11
  67 0026 01       		.byte	1
  68 0027 40       		.byte	64
  69 0028 5E       		.byte	94
  70 0029 0C       		.byte	12
  71 002a 01       		.byte	1
  72 002b 40       		.byte	64
  73 002c 4A       		.byte	74
  74 002d 0D       		.byte	13
  75 002e 01       		.byte	1
  76 002f 40       		.byte	64
  77 0030 50       		.byte	80
  78 0031 0E       		.byte	14
  79 0032 01       		.byte	1
  80 0033 40       		.byte	64
  81 0034 39       		.byte	57
  82 0035 0F       		.byte	15
  83 0036 01       		.byte	1
  84 0037 40       		.byte	64
  85 0038 57       		.byte	87
  86 0039 14       		.byte	20
  87 003a 01       		.byte	1
  88 003b 40       		.byte	64
  89 003c 3D       		.byte	61
  90 003d 15       		.byte	21
  91 003e 01       		.byte	1
  92 003f 40       		.byte	64
  93 0040 50       		.byte	80
  94 0041 16       		.byte	22
  95 0042 01       		.byte	1
  96 0043 40       		.byte	64
  97 0044 35       		.byte	53
  98 0045 17       		.byte	23
  99 0046 01       		.byte	1
 100 0047 40       		.byte	64
 101 0048 61       		.byte	97
 102 0049 18       		.byte	24
 103 004a 01       		.byte	1
 104 004b 40       		.byte	64
 105 004c 4A       		.byte	74
 106 004d 19       		.byte	25
 107 004e 01       		.byte	1
 108 004f 40       		.byte	64
 109 0050 09       		.byte	9
 110 0051 1B       		.byte	27
 111 0052 01       		.byte	1
 112 0053 40       		.byte	64
 113 0054 06       		.byte	6
 114 0055 40       		.byte	64
ARM GAS  C:\Users\nkhedkar\AppData\Local\Temp\ccaT051u.s 			page 3


 115 0056 01       		.byte	1
 116 0057 40       		.byte	64
 117 0058 05       		.byte	5
 118 0059 41       		.byte	65
 119 005a 01       		.byte	1
 120 005b 40       		.byte	64
 121 005c 04       		.byte	4
 122 005d 42       		.byte	66
 123 005e 01       		.byte	1
 124 005f 40       		.byte	64
 125 0060 01       		.byte	1
 126 0061 43       		.byte	67
 127 0062 01       		.byte	1
 128 0063 40       		.byte	64
 129 0064 04       		.byte	4
 130 0065 44       		.byte	68
 131 0066 01       		.byte	1
 132 0067 40       		.byte	64
 133 0068 09       		.byte	9
 134 0069 45       		.byte	69
 135 006a 01       		.byte	1
 136 006b 40       		.byte	64
 137 006c 02       		.byte	2
 138 006d 46       		.byte	70
 139 006e 01       		.byte	1
 140 006f 40       		.byte	64
 141 0070 03       		.byte	3
 142 0071 47       		.byte	71
 143 0072 01       		.byte	1
 144 0073 40       		.byte	64
 145 0074 02       		.byte	2
 146 0075 48       		.byte	72
 147 0076 01       		.byte	1
 148 0077 40       		.byte	64
 149 0078 09       		.byte	9
 150 0079 49       		.byte	73
 151 007a 01       		.byte	1
 152 007b 40       		.byte	64
 153 007c 01       		.byte	1
 154 007d 4C       		.byte	76
 155 007e 01       		.byte	1
 156 007f 40       		.byte	64
 157 0080 07       		.byte	7
 158 0081 4D       		.byte	77
 159 0082 01       		.byte	1
 160 0083 40       		.byte	64
 161 0084 0B       		.byte	11
 162 0085 50       		.byte	80
 163 0086 01       		.byte	1
 164 0087 40       		.byte	64
 165 0088 01       		.byte	1
 166 0089 51       		.byte	81
 167 008a 01       		.byte	1
 168 008b 40       		.byte	64
 169 008c 19       		.byte	25
 170 008d 40       		.byte	64
 171 008e 28       		.byte	40
ARM GAS  C:\Users\nkhedkar\AppData\Local\Temp\ccaT051u.s 			page 4


 172 008f 44       		.byte	68
 173 0090 29       		.byte	41
 174 0091 40       		.byte	64
 175 0092 30       		.byte	48
 176 0093 01       		.byte	1
 177 0094 34       		.byte	52
 178 0095 40       		.byte	64
 179 0096 88       		.byte	-120
 180 0097 0F       		.byte	15
 181 0098 89       		.byte	-119
 182 0099 38       		.byte	56
 183 009a 8A       		.byte	-118
 184 009b 22       		.byte	34
 185 009c 8B       		.byte	-117
 186 009d 6B       		.byte	107
 187 009e 8D       		.byte	-115
 188 009f 0F       		.byte	15
 189 00a0 8F       		.byte	-113
 190 00a1 72       		.byte	114
 191 00a2 85       		.byte	-123
 192 00a3 0F       		.byte	15
 193 00a4 86       		.byte	-122
 194 00a5 0D       		.byte	13
 195 00a6 89       		.byte	-119
 196 00a7 0F       		.byte	15
 197 00a8 82       		.byte	-126
 198 00a9 40       		.byte	64
 199 00aa 96       		.byte	-106
 200 00ab 80       		.byte	-128
 201 00ac E8       		.byte	-24
 202 00ad 40       		.byte	64
 203 00ae EA       		.byte	-22
 204 00af 02       		.byte	2
 205 00b0 80       		.byte	-128
 206 00b1 02       		.byte	2
 207 00b2 96       		.byte	-106
 208 00b3 80       		.byte	-128
 209 00b4 E2       		.byte	-30
 210 00b5 04       		.byte	4
 211 00b6 05       		.byte	5
 212 00b7 10       		.byte	16
 213 00b8 06       		.byte	6
 214 00b9 15       		.byte	21
 215 00ba 09       		.byte	9
 216 00bb 10       		.byte	16
 217 00bc 0B       		.byte	11
 218 00bd 0C       		.byte	12
 219 00be 11       		.byte	17
 220 00bf 1C       		.byte	28
 221 00c0 13       		.byte	19
 222 00c1 02       		.byte	2
 223 00c2 14       		.byte	20
 224 00c3 13       		.byte	19
 225 00c4 15       		.byte	21
 226 00c5 09       		.byte	9
 227 00c6 16       		.byte	22
 228 00c7 04       		.byte	4
ARM GAS  C:\Users\nkhedkar\AppData\Local\Temp\ccaT051u.s 			page 5


 229 00c8 17       		.byte	23
 230 00c9 10       		.byte	16
 231 00ca 1A       		.byte	26
 232 00cb 08       		.byte	8
 233 00cc 1B       		.byte	27
 234 00cd 03       		.byte	3
 235 00ce 20       		.byte	32
 236 00cf 0A       		.byte	10
 237 00d0 22       		.byte	34
 238 00d1 14       		.byte	20
 239 00d2 24       		.byte	36
 240 00d3 13       		.byte	19
 241 00d4 25       		.byte	37
 242 00d5 14       		.byte	20
 243 00d6 26       		.byte	38
 244 00d7 0C       		.byte	12
 245 00d8 29       		.byte	41
 246 00d9 0C       		.byte	12
 247 00da 2B       		.byte	43
 248 00db 11       		.byte	17
 249 00dc 2C       		.byte	44
 250 00dd 03       		.byte	3
 251 00de 2E       		.byte	46
 252 00df 14       		.byte	20
 253 00e0 30       		.byte	48
 254 00e1 10       		.byte	16
 255 00e2 33       		.byte	51
 256 00e3 1F       		.byte	31
 257 00e4 36       		.byte	54
 258 00e5 0F       		.byte	15
 259 00e6 3A       		.byte	58
 260 00e7 80       		.byte	-128
 261 00e8 3E       		.byte	62
 262 00e9 01       		.byte	1
 263 00ea 40       		.byte	64
 264 00eb 32       		.byte	50
 265 00ec 41       		.byte	65
 266 00ed 06       		.byte	6
 267 00ee 45       		.byte	69
 268 00ef 0E       		.byte	14
 269 00f0 46       		.byte	70
 270 00f1 B0       		.byte	-80
 271 00f2 47       		.byte	71
 272 00f3 C0       		.byte	-64
 273 00f4 48       		.byte	72
 274 00f5 29       		.byte	41
 275 00f6 49       		.byte	73
 276 00f7 FF       		.byte	-1
 277 00f8 4A       		.byte	74
 278 00f9 FF       		.byte	-1
 279 00fa 4B       		.byte	75
 280 00fb FF       		.byte	-1
 281 00fc 4E       		.byte	78
 282 00fd F0       		.byte	-16
 283 00fe 4F       		.byte	79
 284 00ff 44       		.byte	68
 285 0100 50       		.byte	80
ARM GAS  C:\Users\nkhedkar\AppData\Local\Temp\ccaT051u.s 			page 6


 286 0101 0C       		.byte	12
 287 0102 54       		.byte	84
 288 0103 01       		.byte	1
 289 0104 58       		.byte	88
 290 0105 04       		.byte	4
 291 0106 59       		.byte	89
 292 0107 04       		.byte	4
 293 0108 5A       		.byte	90
 294 0109 04       		.byte	4
 295 010a 5B       		.byte	91
 296 010b 04       		.byte	4
 297 010c 5C       		.byte	92
 298 010d 11       		.byte	17
 299 010e 5D       		.byte	93
 300 010f 11       		.byte	17
 301 0110 5F       		.byte	95
 302 0111 01       		.byte	1
 303 0112 66       		.byte	102
 304 0113 C0       		.byte	-64
 305 0114 6A       		.byte	106
 306 0115 40       		.byte	64
 307 0116 6B       		.byte	107
 308 0117 02       		.byte	2
 309 0118 85       		.byte	-123
 310 0119 02       		.byte	2
 311 011a 8A       		.byte	-118
 312 011b 01       		.byte	1
 313 011c 8B       		.byte	-117
 314 011d 01       		.byte	1
 315 011e 93       		.byte	-109
 316 011f 04       		.byte	4
 317 0120 9B       		.byte	-101
 318 0121 01       		.byte	1
 319 0122 9D       		.byte	-99
 320 0123 02       		.byte	2
 321 0124 A3       		.byte	-93
 322 0125 02       		.byte	2
 323 0126 A7       		.byte	-89
 324 0127 04       		.byte	4
 325 0128 AF       		.byte	-81
 326 0129 02       		.byte	2
 327 012a B1       		.byte	-79
 328 012b 02       		.byte	2
 329 012c B4       		.byte	-76
 330 012d 01       		.byte	1
 331 012e B5       		.byte	-75
 332 012f 04       		.byte	4
 333 0130 B7       		.byte	-73
 334 0131 01       		.byte	1
 335 0132 B9       		.byte	-71
 336 0133 02       		.byte	2
 337 0134 BF       		.byte	-65
 338 0135 50       		.byte	80
 339 0136 C0       		.byte	-64
 340 0137 31       		.byte	49
 341 0138 C5       		.byte	-59
 342 0139 2E       		.byte	46
ARM GAS  C:\Users\nkhedkar\AppData\Local\Temp\ccaT051u.s 			page 7


 343 013a C6       		.byte	-58
 344 013b C2       		.byte	-62
 345 013c C7       		.byte	-57
 346 013d 04       		.byte	4
 347 013e C8       		.byte	-56
 348 013f 1F       		.byte	31
 349 0140 C9       		.byte	-55
 350 0141 FF       		.byte	-1
 351 0142 CA       		.byte	-54
 352 0143 FF       		.byte	-1
 353 0144 CB       		.byte	-53
 354 0145 FF       		.byte	-1
 355 0146 CD       		.byte	-51
 356 0147 A0       		.byte	-96
 357 0148 CF       		.byte	-49
 358 0149 01       		.byte	1
 359 014a D0       		.byte	-48
 360 014b 18       		.byte	24
 361 014c D4       		.byte	-44
 362 014d 18       		.byte	24
 363 014e D8       		.byte	-40
 364 014f 04       		.byte	4
 365 0150 D9       		.byte	-39
 366 0151 04       		.byte	4
 367 0152 DA       		.byte	-38
 368 0153 0C       		.byte	12
 369 0154 DB       		.byte	-37
 370 0155 04       		.byte	4
 371 0156 DC       		.byte	-36
 372 0157 13       		.byte	19
 373 0158 DD       		.byte	-35
 374 0159 19       		.byte	25
 375 015a DF       		.byte	-33
 376 015b 01       		.byte	1
 377 015c E0       		.byte	-32
 378 015d 40       		.byte	64
 379 015e E2       		.byte	-30
 380 015f 80       		.byte	-128
 381 0160 E4       		.byte	-28
 382 0161 40       		.byte	64
 383 0162 E5       		.byte	-27
 384 0163 40       		.byte	64
 385 0164 E6       		.byte	-26
 386 0165 80       		.byte	-128
 387 0166 E8       		.byte	-24
 388 0167 40       		.byte	64
 389 0168 EA       		.byte	-22
 390 0169 50       		.byte	80
 391 016a EB       		.byte	-21
 392 016b A8       		.byte	-88
 393 016c EC       		.byte	-20
 394 016d 40       		.byte	64
 395 016e ED       		.byte	-19
 396 016f 20       		.byte	32
 397 0170 EE       		.byte	-18
 398 0171 50       		.byte	80
 399 0172 EF       		.byte	-17
ARM GAS  C:\Users\nkhedkar\AppData\Local\Temp\ccaT051u.s 			page 8


 400 0173 A8       		.byte	-88
 401 0174 01       		.byte	1
 402 0175 20       		.byte	32
 403 0176 07       		.byte	7
 404 0177 20       		.byte	32
 405 0178 0C       		.byte	12
 406 0179 08       		.byte	8
 407 017a 0E       		.byte	14
 408 017b 18       		.byte	24
 409 017c 16       		.byte	22
 410 017d 21       		.byte	33
 411 017e 17       		.byte	23
 412 017f 01       		.byte	1
 413 0180 1A       		.byte	26
 414 0181 08       		.byte	8
 415 0182 1E       		.byte	30
 416 0183 40       		.byte	64
 417 0184 1F       		.byte	31
 418 0185 40       		.byte	64
 419 0186 21       		.byte	33
 420 0187 02       		.byte	2
 421 0188 22       		.byte	34
 422 0189 80       		.byte	-128
 423 018a 23       		.byte	35
 424 018b 04       		.byte	4
 425 018c 27       		.byte	39
 426 018d 10       		.byte	16
 427 018e 29       		.byte	41
 428 018f 01       		.byte	1
 429 0190 2A       		.byte	42
 430 0191 84       		.byte	-124
 431 0192 2E       		.byte	46
 432 0193 10       		.byte	16
 433 0194 2F       		.byte	47
 434 0195 20       		.byte	32
 435 0196 31       		.byte	49
 436 0197 42       		.byte	66
 437 0198 32       		.byte	50
 438 0199 10       		.byte	16
 439 019a 36       		.byte	54
 440 019b 04       		.byte	4
 441 019c 37       		.byte	55
 442 019d 11       		.byte	17
 443 019e 38       		.byte	56
 444 019f 24       		.byte	36
 445 01a0 3D       		.byte	61
 446 01a1 08       		.byte	8
 447 01a2 3E       		.byte	62
 448 01a3 20       		.byte	32
 449 01a4 41       		.byte	65
 450 01a5 40       		.byte	64
 451 01a6 43       		.byte	67
 452 01a7 08       		.byte	8
 453 01a8 46       		.byte	70
 454 01a9 20       		.byte	32
 455 01aa 47       		.byte	71
 456 01ab 20       		.byte	32
ARM GAS  C:\Users\nkhedkar\AppData\Local\Temp\ccaT051u.s 			page 9


 457 01ac 49       		.byte	73
 458 01ad 06       		.byte	6
 459 01ae 4C       		.byte	76
 460 01af 08       		.byte	8
 461 01b0 4D       		.byte	77
 462 01b1 04       		.byte	4
 463 01b2 51       		.byte	81
 464 01b3 48       		.byte	72
 465 01b4 52       		.byte	82
 466 01b5 18       		.byte	24
 467 01b6 56       		.byte	86
 468 01b7 03       		.byte	3
 469 01b8 57       		.byte	87
 470 01b9 20       		.byte	32
 471 01ba 5A       		.byte	90
 472 01bb 02       		.byte	2
 473 01bc 5C       		.byte	92
 474 01bd 22       		.byte	34
 475 01be 5E       		.byte	94
 476 01bf 40       		.byte	64
 477 01c0 5F       		.byte	95
 478 01c1 08       		.byte	8
 479 01c2 62       		.byte	98
 480 01c3 80       		.byte	-128
 481 01c4 63       		.byte	99
 482 01c5 04       		.byte	4
 483 01c6 7B       		.byte	123
 484 01c7 01       		.byte	1
 485 01c8 82       		.byte	-126
 486 01c9 08       		.byte	8
 487 01ca 90       		.byte	-112
 488 01cb 24       		.byte	36
 489 01cc 92       		.byte	-110
 490 01cd 22       		.byte	34
 491 01ce 96       		.byte	-106
 492 01cf 08       		.byte	8
 493 01d0 99       		.byte	-103
 494 01d1 61       		.byte	97
 495 01d2 9A       		.byte	-102
 496 01d3 84       		.byte	-124
 497 01d4 9D       		.byte	-99
 498 01d5 86       		.byte	-122
 499 01d6 9E       		.byte	-98
 500 01d7 10       		.byte	16
 501 01d8 9F       		.byte	-97
 502 01d9 10       		.byte	16
 503 01da A3       		.byte	-93
 504 01db 09       		.byte	9
 505 01dc B5       		.byte	-75
 506 01dd 10       		.byte	16
 507 01de C0       		.byte	-64
 508 01df 22       		.byte	34
 509 01e0 C2       		.byte	-62
 510 01e1 60       		.byte	96
 511 01e2 C4       		.byte	-60
 512 01e3 B0       		.byte	-80
 513 01e4 CA       		.byte	-54
ARM GAS  C:\Users\nkhedkar\AppData\Local\Temp\ccaT051u.s 			page 10


 514 01e5 6B       		.byte	107
 515 01e6 CC       		.byte	-52
 516 01e7 ED       		.byte	-19
 517 01e8 CE       		.byte	-50
 518 01e9 66       		.byte	102
 519 01ea D0       		.byte	-48
 520 01eb 6A       		.byte	106
 521 01ec D2       		.byte	-46
 522 01ed 20       		.byte	32
 523 01ee D6       		.byte	-42
 524 01ef F1       		.byte	-15
 525 01f0 D8       		.byte	-40
 526 01f1 0C       		.byte	12
 527 01f2 DE       		.byte	-34
 528 01f3 08       		.byte	8
 529 01f4 00       		.byte	0
 530 01f5 01       		.byte	1
 531 01f6 04       		.byte	4
 532 01f7 01       		.byte	1
 533 01f8 08       		.byte	8
 534 01f9 01       		.byte	1
 535 01fa 0E       		.byte	14
 536 01fb 01       		.byte	1
 537 01fc 14       		.byte	20
 538 01fd 01       		.byte	1
 539 01fe 15       		.byte	21
 540 01ff 01       		.byte	1
 541 0200 18       		.byte	24
 542 0201 01       		.byte	1
 543 0202 1B       		.byte	27
 544 0203 01       		.byte	1
 545 0204 1C       		.byte	28
 546 0205 01       		.byte	1
 547 0206 28       		.byte	40
 548 0207 01       		.byte	1
 549 0208 33       		.byte	51
 550 0209 01       		.byte	1
 551 020a 36       		.byte	54
 552 020b 01       		.byte	1
 553 020c 3F       		.byte	63
 554 020d 04       		.byte	4
 555 020e 40       		.byte	64
 556 020f 43       		.byte	67
 557 0210 42       		.byte	66
 558 0211 01       		.byte	1
 559 0212 49       		.byte	73
 560 0213 FF       		.byte	-1
 561 0214 4A       		.byte	74
 562 0215 FF       		.byte	-1
 563 0216 4B       		.byte	75
 564 0217 FF       		.byte	-1
 565 0218 4F       		.byte	79
 566 0219 01       		.byte	1
 567 021a 50       		.byte	80
 568 021b 18       		.byte	24
 569 021c 56       		.byte	86
 570 021d 02       		.byte	2
ARM GAS  C:\Users\nkhedkar\AppData\Local\Temp\ccaT051u.s 			page 11


 571 021e 57       		.byte	87
 572 021f 3A       		.byte	58
 573 0220 58       		.byte	88
 574 0221 04       		.byte	4
 575 0222 59       		.byte	89
 576 0223 04       		.byte	4
 577 0224 5A       		.byte	90
 578 0225 04       		.byte	4
 579 0226 5B       		.byte	91
 580 0227 04       		.byte	4
 581 0228 5C       		.byte	92
 582 0229 03       		.byte	3
 583 022a 5D       		.byte	93
 584 022b 33       		.byte	51
 585 022c 5F       		.byte	95
 586 022d 01       		.byte	1
 587 022e 60       		.byte	96
 588 022f 40       		.byte	64
 589 0230 62       		.byte	98
 590 0231 40       		.byte	64
 591 0232 64       		.byte	100
 592 0233 40       		.byte	64
 593 0234 65       		.byte	101
 594 0235 40       		.byte	64
 595 0236 66       		.byte	102
 596 0237 80       		.byte	-128
 597 0238 68       		.byte	104
 598 0239 80       		.byte	-128
 599 023a 6A       		.byte	106
 600 023b 80       		.byte	-128
 601 023c 6C       		.byte	108
 602 023d 80       		.byte	-128
 603 023e 6E       		.byte	110
 604 023f 80       		.byte	-128
 605 0240 81       		.byte	-127
 606 0241 04       		.byte	4
 607 0242 82       		.byte	-126
 608 0243 01       		.byte	1
 609 0244 8A       		.byte	-118
 610 0245 01       		.byte	1
 611 0246 93       		.byte	-109
 612 0247 06       		.byte	6
 613 0248 99       		.byte	-103
 614 0249 08       		.byte	8
 615 024a A8       		.byte	-88
 616 024b 01       		.byte	1
 617 024c AB       		.byte	-85
 618 024d 01       		.byte	1
 619 024e B1       		.byte	-79
 620 024f 02       		.byte	2
 621 0250 B2       		.byte	-78
 622 0251 01       		.byte	1
 623 0252 B3       		.byte	-77
 624 0253 01       		.byte	1
 625 0254 B5       		.byte	-75
 626 0255 08       		.byte	8
 627 0256 B7       		.byte	-73
ARM GAS  C:\Users\nkhedkar\AppData\Local\Temp\ccaT051u.s 			page 12


 628 0257 04       		.byte	4
 629 0258 BA       		.byte	-70
 630 0259 80       		.byte	-128
 631 025a BE       		.byte	-66
 632 025b 04       		.byte	4
 633 025c BF       		.byte	-65
 634 025d 50       		.byte	80
 635 025e C0       		.byte	-64
 636 025f 43       		.byte	67
 637 0260 C2       		.byte	-62
 638 0261 05       		.byte	5
 639 0262 C9       		.byte	-55
 640 0263 FF       		.byte	-1
 641 0264 CA       		.byte	-54
 642 0265 FF       		.byte	-1
 643 0266 CB       		.byte	-53
 644 0267 FF       		.byte	-1
 645 0268 CD       		.byte	-51
 646 0269 83       		.byte	-125
 647 026a CE       		.byte	-50
 648 026b 03       		.byte	3
 649 026c CF       		.byte	-49
 650 026d 01       		.byte	1
 651 026e D0       		.byte	-48
 652 026f 18       		.byte	24
 653 0270 D2       		.byte	-46
 654 0271 80       		.byte	-128
 655 0272 D4       		.byte	-44
 656 0273 0B       		.byte	11
 657 0274 D8       		.byte	-40
 658 0275 04       		.byte	4
 659 0276 D9       		.byte	-39
 660 0277 0C       		.byte	12
 661 0278 DA       		.byte	-38
 662 0279 04       		.byte	4
 663 027a DB       		.byte	-37
 664 027b 0C       		.byte	12
 665 027c DC       		.byte	-36
 666 027d 91       		.byte	-111
 667 027e DD       		.byte	-35
 668 027f 93       		.byte	-109
 669 0280 DF       		.byte	-33
 670 0281 01       		.byte	1
 671 0282 E0       		.byte	-32
 672 0283 40       		.byte	64
 673 0284 E2       		.byte	-30
 674 0285 40       		.byte	64
 675 0286 E4       		.byte	-28
 676 0287 40       		.byte	64
 677 0288 E5       		.byte	-27
 678 0289 40       		.byte	64
 679 028a E6       		.byte	-26
 680 028b 80       		.byte	-128
 681 028c E8       		.byte	-24
 682 028d 80       		.byte	-128
 683 028e EA       		.byte	-22
 684 028f 80       		.byte	-128
ARM GAS  C:\Users\nkhedkar\AppData\Local\Temp\ccaT051u.s 			page 13


 685 0290 EC       		.byte	-20
 686 0291 80       		.byte	-128
 687 0292 EE       		.byte	-18
 688 0293 80       		.byte	-128
 689 0294 00       		.byte	0
 690 0295 20       		.byte	32
 691 0296 01       		.byte	1
 692 0297 09       		.byte	9
 693 0298 03       		.byte	3
 694 0299 01       		.byte	1
 695 029a 05       		.byte	5
 696 029b 30       		.byte	48
 697 029c 06       		.byte	6
 698 029d 40       		.byte	64
 699 029e 09       		.byte	9
 700 029f 20       		.byte	32
 701 02a0 0B       		.byte	11
 702 02a1 11       		.byte	17
 703 02a2 10       		.byte	16
 704 02a3 08       		.byte	8
 705 02a4 17       		.byte	23
 706 02a5 20       		.byte	32
 707 02a6 1A       		.byte	26
 708 02a7 01       		.byte	1
 709 02a8 1B       		.byte	27
 710 02a9 40       		.byte	64
 711 02aa 1D       		.byte	29
 712 02ab 40       		.byte	64
 713 02ac 1F       		.byte	31
 714 02ad 48       		.byte	72
 715 02ae 22       		.byte	34
 716 02af 08       		.byte	8
 717 02b0 25       		.byte	37
 718 02b1 11       		.byte	17
 719 02b2 27       		.byte	39
 720 02b3 22       		.byte	34
 721 02b4 2D       		.byte	45
 722 02b5 20       		.byte	32
 723 02b6 31       		.byte	49
 724 02b7 10       		.byte	16
 725 02b8 32       		.byte	50
 726 02b9 04       		.byte	4
 727 02ba 35       		.byte	53
 728 02bb 02       		.byte	2
 729 02bc 37       		.byte	55
 730 02bd 10       		.byte	16
 731 02be 3D       		.byte	61
 732 02bf 02       		.byte	2
 733 02c0 41       		.byte	65
 734 02c1 06       		.byte	6
 735 02c2 42       		.byte	66
 736 02c3 21       		.byte	33
 737 02c4 45       		.byte	69
 738 02c5 02       		.byte	2
 739 02c6 46       		.byte	70
 740 02c7 20       		.byte	32
 741 02c8 4F       		.byte	79
ARM GAS  C:\Users\nkhedkar\AppData\Local\Temp\ccaT051u.s 			page 14


 742 02c9 80       		.byte	-128
 743 02ca 59       		.byte	89
 744 02cb 08       		.byte	8
 745 02cc 5D       		.byte	93
 746 02cd 90       		.byte	-112
 747 02ce 5F       		.byte	95
 748 02cf 02       		.byte	2
 749 02d0 62       		.byte	98
 750 02d1 08       		.byte	8
 751 02d2 65       		.byte	101
 752 02d3 04       		.byte	4
 753 02d4 66       		.byte	102
 754 02d5 10       		.byte	16
 755 02d6 68       		.byte	104
 756 02d7 18       		.byte	24
 757 02d8 69       		.byte	105
 758 02d9 01       		.byte	1
 759 02da 6B       		.byte	107
 760 02db 01       		.byte	1
 761 02dc 71       		.byte	113
 762 02dd 20       		.byte	32
 763 02de 73       		.byte	115
 764 02df 19       		.byte	25
 765 02e0 76       		.byte	118
 766 02e1 40       		.byte	64
 767 02e2 7A       		.byte	122
 768 02e3 02       		.byte	2
 769 02e4 7B       		.byte	123
 770 02e5 01       		.byte	1
 771 02e6 7E       		.byte	126
 772 02e7 02       		.byte	2
 773 02e8 89       		.byte	-119
 774 02e9 12       		.byte	18
 775 02ea 90       		.byte	-112
 776 02eb 24       		.byte	36
 777 02ec 91       		.byte	-111
 778 02ed 08       		.byte	8
 779 02ee 92       		.byte	-110
 780 02ef 22       		.byte	34
 781 02f0 95       		.byte	-107
 782 02f1 01       		.byte	1
 783 02f2 97       		.byte	-105
 784 02f3 91       		.byte	-111
 785 02f4 99       		.byte	-103
 786 02f5 19       		.byte	25
 787 02f6 9A       		.byte	-102
 788 02f7 84       		.byte	-124
 789 02f8 9F       		.byte	-97
 790 02f9 09       		.byte	9
 791 02fa A1       		.byte	-95
 792 02fb 02       		.byte	2
 793 02fc A3       		.byte	-93
 794 02fd 01       		.byte	1
 795 02fe A4       		.byte	-92
 796 02ff 18       		.byte	24
 797 0300 A7       		.byte	-89
 798 0301 40       		.byte	64
ARM GAS  C:\Users\nkhedkar\AppData\Local\Temp\ccaT051u.s 			page 15


 799 0302 AE       		.byte	-82
 800 0303 04       		.byte	4
 801 0304 B5       		.byte	-75
 802 0305 10       		.byte	16
 803 0306 B6       		.byte	-74
 804 0307 12       		.byte	18
 805 0308 C0       		.byte	-64
 806 0309 5F       		.byte	95
 807 030a C2       		.byte	-62
 808 030b 07       		.byte	7
 809 030c C4       		.byte	-60
 810 030d 42       		.byte	66
 811 030e CA       		.byte	-54
 812 030f 20       		.byte	32
 813 0310 CC       		.byte	-52
 814 0311 A6       		.byte	-90
 815 0312 CE       		.byte	-50
 816 0313 80       		.byte	-128
 817 0314 D0       		.byte	-48
 818 0315 CB       		.byte	-53
 819 0316 D2       		.byte	-46
 820 0317 10       		.byte	16
 821 0318 D6       		.byte	-42
 822 0319 B2       		.byte	-78
 823 031a D8       		.byte	-40
 824 031b 62       		.byte	98
 825 031c DE       		.byte	-34
 826 031d 10       		.byte	16
 827 031e E8       		.byte	-24
 828 031f 40       		.byte	64
 829 0320 09       		.byte	9
 830 0321 01       		.byte	1
 831 0322 11       		.byte	17
 832 0323 01       		.byte	1
 833 0324 18       		.byte	24
 834 0325 01       		.byte	1
 835 0326 1D       		.byte	29
 836 0327 01       		.byte	1
 837 0328 21       		.byte	33
 838 0329 01       		.byte	1
 839 032a 24       		.byte	36
 840 032b 01       		.byte	1
 841 032c 2C       		.byte	44
 842 032d 01       		.byte	1
 843 032e 30       		.byte	48
 844 032f 01       		.byte	1
 845 0330 33       		.byte	51
 846 0331 01       		.byte	1
 847 0332 3F       		.byte	63
 848 0333 04       		.byte	4
 849 0334 40       		.byte	64
 850 0335 46       		.byte	70
 851 0336 42       		.byte	66
 852 0337 05       		.byte	5
 853 0338 49       		.byte	73
 854 0339 FF       		.byte	-1
 855 033a 4A       		.byte	74
ARM GAS  C:\Users\nkhedkar\AppData\Local\Temp\ccaT051u.s 			page 16


 856 033b FF       		.byte	-1
 857 033c 4B       		.byte	75
 858 033d FF       		.byte	-1
 859 033e 4D       		.byte	77
 860 033f 83       		.byte	-125
 861 0340 4E       		.byte	78
 862 0341 03       		.byte	3
 863 0342 4F       		.byte	79
 864 0343 01       		.byte	1
 865 0344 50       		.byte	80
 866 0345 18       		.byte	24
 867 0346 58       		.byte	88
 868 0347 04       		.byte	4
 869 0348 59       		.byte	89
 870 0349 04       		.byte	4
 871 034a 5A       		.byte	90
 872 034b 04       		.byte	4
 873 034c 5C       		.byte	92
 874 034d 01       		.byte	1
 875 034e 5D       		.byte	93
 876 034f 03       		.byte	3
 877 0350 5F       		.byte	95
 878 0351 01       		.byte	1
 879 0352 60       		.byte	96
 880 0353 40       		.byte	64
 881 0354 62       		.byte	98
 882 0355 40       		.byte	64
 883 0356 64       		.byte	100
 884 0357 40       		.byte	64
 885 0358 65       		.byte	101
 886 0359 40       		.byte	64
 887 035a 66       		.byte	102
 888 035b 80       		.byte	-128
 889 035c 68       		.byte	104
 890 035d 80       		.byte	-128
 891 035e 6A       		.byte	106
 892 035f 80       		.byte	-128
 893 0360 6C       		.byte	108
 894 0361 80       		.byte	-128
 895 0362 6E       		.byte	110
 896 0363 80       		.byte	-128
 897 0364 81       		.byte	-127
 898 0365 60       		.byte	96
 899 0366 87       		.byte	-121
 900 0367 10       		.byte	16
 901 0368 88       		.byte	-120
 902 0369 02       		.byte	2
 903 036a 89       		.byte	-119
 904 036b 0E       		.byte	14
 905 036c 8D       		.byte	-115
 906 036d 48       		.byte	72
 907 036e 8E       		.byte	-114
 908 036f 02       		.byte	2
 909 0370 8F       		.byte	-113
 910 0371 04       		.byte	4
 911 0372 93       		.byte	-109
 912 0373 10       		.byte	16
ARM GAS  C:\Users\nkhedkar\AppData\Local\Temp\ccaT051u.s 			page 17


 913 0374 94       		.byte	-108
 914 0375 02       		.byte	2
 915 0376 95       		.byte	-107
 916 0377 64       		.byte	100
 917 0378 97       		.byte	-105
 918 0379 0A       		.byte	10
 919 037a 99       		.byte	-103
 920 037b 0E       		.byte	14
 921 037c 9C       		.byte	-100
 922 037d 02       		.byte	2
 923 037e 9F       		.byte	-97
 924 037f 60       		.byte	96
 925 0380 A0       		.byte	-96
 926 0381 02       		.byte	2
 927 0382 A3       		.byte	-93
 928 0383 60       		.byte	96
 929 0384 A4       		.byte	-92
 930 0385 02       		.byte	2
 931 0386 A5       		.byte	-91
 932 0387 22       		.byte	34
 933 0388 A7       		.byte	-89
 934 0389 05       		.byte	5
 935 038a A8       		.byte	-88
 936 038b 02       		.byte	2
 937 038c A9       		.byte	-87
 938 038d 60       		.byte	96
 939 038e AE       		.byte	-82
 940 038f 01       		.byte	1
 941 0390 AF       		.byte	-81
 942 0391 60       		.byte	96
 943 0392 B1       		.byte	-79
 944 0393 60       		.byte	96
 945 0394 B2       		.byte	-78
 946 0395 02       		.byte	2
 947 0396 B3       		.byte	-77
 948 0397 0E       		.byte	14
 949 0398 B4       		.byte	-76
 950 0399 01       		.byte	1
 951 039a B5       		.byte	-75
 952 039b 01       		.byte	1
 953 039c B7       		.byte	-73
 954 039d 10       		.byte	16
 955 039e BF       		.byte	-65
 956 039f 40       		.byte	64
 957 03a0 C0       		.byte	-64
 958 03a1 46       		.byte	70
 959 03a2 C2       		.byte	-62
 960 03a3 05       		.byte	5
 961 03a4 C5       		.byte	-59
 962 03a5 EC       		.byte	-20
 963 03a6 C7       		.byte	-57
 964 03a7 02       		.byte	2
 965 03a8 C8       		.byte	-56
 966 03a9 13       		.byte	19
 967 03aa C9       		.byte	-55
 968 03ab FF       		.byte	-1
 969 03ac CA       		.byte	-54
ARM GAS  C:\Users\nkhedkar\AppData\Local\Temp\ccaT051u.s 			page 18


 970 03ad FF       		.byte	-1
 971 03ae CB       		.byte	-53
 972 03af FF       		.byte	-1
 973 03b0 CD       		.byte	-51
 974 03b1 83       		.byte	-125
 975 03b2 CE       		.byte	-50
 976 03b3 03       		.byte	3
 977 03b4 CF       		.byte	-49
 978 03b5 01       		.byte	1
 979 03b6 D0       		.byte	-48
 980 03b7 18       		.byte	24
 981 03b8 D2       		.byte	-46
 982 03b9 80       		.byte	-128
 983 03ba D4       		.byte	-44
 984 03bb 03       		.byte	3
 985 03bc D8       		.byte	-40
 986 03bd 04       		.byte	4
 987 03be D9       		.byte	-39
 988 03bf 04       		.byte	4
 989 03c0 DA       		.byte	-38
 990 03c1 04       		.byte	4
 991 03c2 DB       		.byte	-37
 992 03c3 04       		.byte	4
 993 03c4 DC       		.byte	-36
 994 03c5 13       		.byte	19
 995 03c6 DD       		.byte	-35
 996 03c7 33       		.byte	51
 997 03c8 DF       		.byte	-33
 998 03c9 01       		.byte	1
 999 03ca E0       		.byte	-32
 1000 03cb 40       		.byte	64
 1001 03cc E2       		.byte	-30
 1002 03cd 40       		.byte	64
 1003 03ce E4       		.byte	-28
 1004 03cf 40       		.byte	64
 1005 03d0 E5       		.byte	-27
 1006 03d1 40       		.byte	64
 1007 03d2 E6       		.byte	-26
 1008 03d3 80       		.byte	-128
 1009 03d4 E8       		.byte	-24
 1010 03d5 80       		.byte	-128
 1011 03d6 EA       		.byte	-22
 1012 03d7 80       		.byte	-128
 1013 03d8 EC       		.byte	-20
 1014 03d9 80       		.byte	-128
 1015 03da EE       		.byte	-18
 1016 03db 80       		.byte	-128
 1017 03dc 00       		.byte	0
 1018 03dd 20       		.byte	32
 1019 03de 03       		.byte	3
 1020 03df 01       		.byte	1
 1021 03e0 06       		.byte	6
 1022 03e1 80       		.byte	-128
 1023 03e2 07       		.byte	7
 1024 03e3 40       		.byte	64
 1025 03e4 0B       		.byte	11
 1026 03e5 11       		.byte	17
ARM GAS  C:\Users\nkhedkar\AppData\Local\Temp\ccaT051u.s 			page 19


 1027 03e6 0C       		.byte	12
 1028 03e7 10       		.byte	16
 1029 03e8 0E       		.byte	14
 1030 03e9 08       		.byte	8
 1031 03ea 10       		.byte	16
 1032 03eb 08       		.byte	8
 1033 03ec 11       		.byte	17
 1034 03ed 01       		.byte	1
 1035 03ee 12       		.byte	18
 1036 03ef 02       		.byte	2
 1037 03f0 13       		.byte	19
 1038 03f1 08       		.byte	8
 1039 03f2 15       		.byte	21
 1040 03f3 40       		.byte	64
 1041 03f4 16       		.byte	22
 1042 03f5 10       		.byte	16
 1043 03f6 19       		.byte	25
 1044 03f7 08       		.byte	8
 1045 03f8 1A       		.byte	26
 1046 03f9 04       		.byte	4
 1047 03fa 1E       		.byte	30
 1048 03fb 40       		.byte	64
 1049 03fc 1F       		.byte	31
 1050 03fd 02       		.byte	2
 1051 03fe 21       		.byte	33
 1052 03ff 08       		.byte	8
 1053 0400 22       		.byte	34
 1054 0401 41       		.byte	65
 1055 0402 23       		.byte	35
 1056 0403 04       		.byte	4
 1057 0404 27       		.byte	39
 1058 0405 20       		.byte	32
 1059 0406 28       		.byte	40
 1060 0407 20       		.byte	32
 1061 0408 29       		.byte	41
 1062 0409 01       		.byte	1
 1063 040a 2A       		.byte	42
 1064 040b 20       		.byte	32
 1065 040c 2B       		.byte	43
 1066 040d 02       		.byte	2
 1067 040e 2E       		.byte	46
 1068 040f 02       		.byte	2
 1069 0410 2F       		.byte	47
 1070 0411 40       		.byte	64
 1071 0412 30       		.byte	48
 1072 0413 10       		.byte	16
 1073 0414 31       		.byte	49
 1074 0415 0A       		.byte	10
 1075 0416 33       		.byte	51
 1076 0417 40       		.byte	64
 1077 0418 35       		.byte	53
 1078 0419 01       		.byte	1
 1079 041a 37       		.byte	55
 1080 041b 40       		.byte	64
 1081 041c 38       		.byte	56
 1082 041d 40       		.byte	64
 1083 041e 39       		.byte	57
ARM GAS  C:\Users\nkhedkar\AppData\Local\Temp\ccaT051u.s 			page 20


 1084 041f 18       		.byte	24
 1085 0420 3A       		.byte	58
 1086 0421 12       		.byte	18
 1087 0422 3E       		.byte	62
 1088 0423 20       		.byte	32
 1089 0424 3F       		.byte	63
 1090 0425 20       		.byte	32
 1091 0426 41       		.byte	65
 1092 0427 02       		.byte	2
 1093 0428 45       		.byte	69
 1094 0429 02       		.byte	2
 1095 042a 49       		.byte	73
 1096 042b 06       		.byte	6
 1097 042c 4A       		.byte	74
 1098 042d 0A       		.byte	10
 1099 042e 4E       		.byte	78
 1100 042f 0A       		.byte	10
 1101 0430 4F       		.byte	79
 1102 0431 80       		.byte	-128
 1103 0432 51       		.byte	81
 1104 0433 04       		.byte	4
 1105 0434 52       		.byte	82
 1106 0435 08       		.byte	8
 1107 0436 59       		.byte	89
 1108 0437 06       		.byte	6
 1109 0438 5A       		.byte	90
 1110 0439 90       		.byte	-112
 1111 043a 71       		.byte	113
 1112 043b 02       		.byte	2
 1113 043c 88       		.byte	-120
 1114 043d 80       		.byte	-128
 1115 043e 90       		.byte	-112
 1116 043f 64       		.byte	100
 1117 0440 91       		.byte	-111
 1118 0441 50       		.byte	80
 1119 0442 92       		.byte	-110
 1120 0443 20       		.byte	32
 1121 0444 96       		.byte	-106
 1122 0445 40       		.byte	64
 1123 0446 97       		.byte	-105
 1124 0447 84       		.byte	-124
 1125 0448 98       		.byte	-104
 1126 0449 20       		.byte	32
 1127 044a 99       		.byte	-103
 1128 044b 01       		.byte	1
 1129 044c 9A       		.byte	-102
 1130 044d 04       		.byte	4
 1131 044e 9B       		.byte	-101
 1132 044f 40       		.byte	64
 1133 0450 9C       		.byte	-100
 1134 0451 80       		.byte	-128
 1135 0452 9F       		.byte	-97
 1136 0453 20       		.byte	32
 1137 0454 A2       		.byte	-94
 1138 0455 04       		.byte	4
 1139 0456 A3       		.byte	-93
 1140 0457 11       		.byte	17
ARM GAS  C:\Users\nkhedkar\AppData\Local\Temp\ccaT051u.s 			page 21


 1141 0458 A5       		.byte	-91
 1142 0459 08       		.byte	8
 1143 045a B4       		.byte	-76
 1144 045b 20       		.byte	32
 1145 045c B5       		.byte	-75
 1146 045d 08       		.byte	8
 1147 045e C0       		.byte	-64
 1148 045f 03       		.byte	3
 1149 0460 C2       		.byte	-62
 1150 0461 45       		.byte	69
 1151 0462 C4       		.byte	-60
 1152 0463 AF       		.byte	-81
 1153 0464 CA       		.byte	-54
 1154 0465 8F       		.byte	-113
 1155 0466 CC       		.byte	-52
 1156 0467 9F       		.byte	-97
 1157 0468 CE       		.byte	-50
 1158 0469 2F       		.byte	47
 1159 046a D0       		.byte	-48
 1160 046b 81       		.byte	-127
 1161 046c D2       		.byte	-46
 1162 046d 3C       		.byte	60
 1163 046e D6       		.byte	-42
 1164 046f 0F       		.byte	15
 1165 0470 00       		.byte	0
 1166 0471 FF       		.byte	-1
 1167 0472 04       		.byte	4
 1168 0473 48       		.byte	72
 1169 0474 08       		.byte	8
 1170 0475 C0       		.byte	-64
 1171 0476 09       		.byte	9
 1172 0477 0C       		.byte	12
 1173 0478 0C       		.byte	12
 1174 0479 0F       		.byte	15
 1175 047a 0D       		.byte	13
 1176 047b 08       		.byte	8
 1177 047c 0E       		.byte	14
 1178 047d E0       		.byte	-32
 1179 047e 0F       		.byte	15
 1180 047f 05       		.byte	5
 1181 0480 12       		.byte	18
 1182 0481 F1       		.byte	-15
 1183 0482 14       		.byte	20
 1184 0483 F9       		.byte	-7
 1185 0484 16       		.byte	22
 1186 0485 06       		.byte	6
 1187 0486 17       		.byte	23
 1188 0487 02       		.byte	2
 1189 0488 19       		.byte	25
 1190 0489 0C       		.byte	12
 1191 048a 1A       		.byte	26
 1192 048b 08       		.byte	8
 1193 048c 1C       		.byte	28
 1194 048d 80       		.byte	-128
 1195 048e 20       		.byte	32
 1196 048f 04       		.byte	4
 1197 0490 24       		.byte	36
ARM GAS  C:\Users\nkhedkar\AppData\Local\Temp\ccaT051u.s 			page 22


 1198 0491 02       		.byte	2
 1199 0492 25       		.byte	37
 1200 0493 04       		.byte	4
 1201 0494 27       		.byte	39
 1202 0495 09       		.byte	9
 1203 0496 28       		.byte	40
 1204 0497 06       		.byte	6
 1205 0498 2C       		.byte	44
 1206 0499 CE       		.byte	-50
 1207 049a 2E       		.byte	46
 1208 049b 11       		.byte	17
 1209 049c 30       		.byte	48
 1210 049d 3E       		.byte	62
 1211 049e 31       		.byte	49
 1212 049f 0C       		.byte	12
 1213 04a0 32       		.byte	50
 1214 04a1 07       		.byte	7
 1215 04a2 33       		.byte	51
 1216 04a3 03       		.byte	3
 1217 04a4 34       		.byte	52
 1218 04a5 C6       		.byte	-58
 1219 04a6 3A       		.byte	58
 1220 04a7 22       		.byte	34
 1221 04a8 3F       		.byte	63
 1222 04a9 04       		.byte	4
 1223 04aa 40       		.byte	64
 1224 04ab 24       		.byte	36
 1225 04ac 41       		.byte	65
 1226 04ad 05       		.byte	5
 1227 04ae 42       		.byte	66
 1228 04af 06       		.byte	6
 1229 04b0 44       		.byte	68
 1230 04b1 03       		.byte	3
 1231 04b2 46       		.byte	70
 1232 04b3 C0       		.byte	-64
 1233 04b4 47       		.byte	71
 1234 04b5 0E       		.byte	14
 1235 04b6 48       		.byte	72
 1236 04b7 18       		.byte	24
 1237 04b8 49       		.byte	73
 1238 04b9 FF       		.byte	-1
 1239 04ba 4A       		.byte	74
 1240 04bb FF       		.byte	-1
 1241 04bc 4B       		.byte	75
 1242 04bd FF       		.byte	-1
 1243 04be 4C       		.byte	76
 1244 04bf 62       		.byte	98
 1245 04c0 4D       		.byte	77
 1246 04c1 A0       		.byte	-96
 1247 04c2 4E       		.byte	78
 1248 04c3 F0       		.byte	-16
 1249 04c4 4F       		.byte	79
 1250 04c5 41       		.byte	65
 1251 04c6 50       		.byte	80
 1252 04c7 0C       		.byte	12
 1253 04c8 56       		.byte	86
 1254 04c9 08       		.byte	8
ARM GAS  C:\Users\nkhedkar\AppData\Local\Temp\ccaT051u.s 			page 23


 1255 04ca 58       		.byte	88
 1256 04cb 04       		.byte	4
 1257 04cc 59       		.byte	89
 1258 04cd 04       		.byte	4
 1259 04ce 5A       		.byte	90
 1260 04cf 04       		.byte	4
 1261 04d0 5B       		.byte	91
 1262 04d1 04       		.byte	4
 1263 04d2 5C       		.byte	92
 1264 04d3 11       		.byte	17
 1265 04d4 5D       		.byte	93
 1266 04d5 91       		.byte	-111
 1267 04d6 5F       		.byte	95
 1268 04d7 01       		.byte	1
 1269 04d8 66       		.byte	102
 1270 04d9 40       		.byte	64
 1271 04da 67       		.byte	103
 1272 04db 02       		.byte	2
 1273 04dc 69       		.byte	105
 1274 04dd 10       		.byte	16
 1275 04de 6A       		.byte	106
 1276 04df 30       		.byte	48
 1277 04e0 6B       		.byte	107
 1278 04e1 10       		.byte	16
 1279 04e2 6D       		.byte	109
 1280 04e3 10       		.byte	16
 1281 04e4 6E       		.byte	110
 1282 04e5 10       		.byte	16
 1283 04e6 6F       		.byte	111
 1284 04e7 12       		.byte	18
 1285 04e8 81       		.byte	-127
 1286 04e9 04       		.byte	4
 1287 04ea 85       		.byte	-123
 1288 04eb 02       		.byte	2
 1289 04ec 89       		.byte	-119
 1290 04ed 06       		.byte	6
 1291 04ee 8F       		.byte	-113
 1292 04ef 01       		.byte	1
 1293 04f0 91       		.byte	-111
 1294 04f1 06       		.byte	6
 1295 04f2 93       		.byte	-109
 1296 04f3 01       		.byte	1
 1297 04f4 95       		.byte	-107
 1298 04f5 01       		.byte	1
 1299 04f6 97       		.byte	-105
 1300 04f7 06       		.byte	6
 1301 04f8 9D       		.byte	-99
 1302 04f9 06       		.byte	6
 1303 04fa 9F       		.byte	-97
 1304 04fb 01       		.byte	1
 1305 04fc A1       		.byte	-95
 1306 04fd 07       		.byte	7
 1307 04fe B1       		.byte	-79
 1308 04ff 07       		.byte	7
 1309 0500 BB       		.byte	-69
 1310 0501 02       		.byte	2
 1311 0502 D6       		.byte	-42
ARM GAS  C:\Users\nkhedkar\AppData\Local\Temp\ccaT051u.s 			page 24


 1312 0503 02       		.byte	2
 1313 0504 D7       		.byte	-41
 1314 0505 11       		.byte	17
 1315 0506 D9       		.byte	-39
 1316 0507 04       		.byte	4
 1317 0508 DB       		.byte	-37
 1318 0509 04       		.byte	4
 1319 050a DC       		.byte	-36
 1320 050b 10       		.byte	16
 1321 050c DD       		.byte	-35
 1322 050d 10       		.byte	16
 1323 050e DF       		.byte	-33
 1324 050f 01       		.byte	1
 1325 0510 00       		.byte	0
 1326 0511 02       		.byte	2
 1327 0512 01       		.byte	1
 1328 0513 08       		.byte	8
 1329 0514 02       		.byte	2
 1330 0515 08       		.byte	8
 1331 0516 03       		.byte	3
 1332 0517 02       		.byte	2
 1333 0518 08       		.byte	8
 1334 0519 08       		.byte	8
 1335 051a 0A       		.byte	10
 1336 051b 42       		.byte	66
 1337 051c 0B       		.byte	11
 1338 051d 04       		.byte	4
 1339 051e 10       		.byte	16
 1340 051f A8       		.byte	-88
 1341 0520 12       		.byte	18
 1342 0521 02       		.byte	2
 1343 0522 18       		.byte	24
 1344 0523 04       		.byte	4
 1345 0524 19       		.byte	25
 1346 0525 01       		.byte	1
 1347 0526 1A       		.byte	26
 1348 0527 20       		.byte	32
 1349 0528 1B       		.byte	27
 1350 0529 12       		.byte	18
 1351 052a 20       		.byte	32
 1352 052b 40       		.byte	64
 1353 052c 21       		.byte	33
 1354 052d 04       		.byte	4
 1355 052e 22       		.byte	34
 1356 052f 01       		.byte	1
 1357 0530 26       		.byte	38
 1358 0531 02       		.byte	2
 1359 0532 27       		.byte	39
 1360 0533 40       		.byte	64
 1361 0534 28       		.byte	40
 1362 0535 20       		.byte	32
 1363 0536 2F       		.byte	47
 1364 0537 40       		.byte	64
 1365 0538 31       		.byte	49
 1366 0539 08       		.byte	8
 1367 053a 32       		.byte	50
 1368 053b 08       		.byte	8
ARM GAS  C:\Users\nkhedkar\AppData\Local\Temp\ccaT051u.s 			page 25


 1369 053c 33       		.byte	51
 1370 053d 10       		.byte	16
 1371 053e 34       		.byte	52
 1372 053f 08       		.byte	8
 1373 0540 35       		.byte	53
 1374 0541 01       		.byte	1
 1375 0542 37       		.byte	55
 1376 0543 40       		.byte	64
 1377 0544 38       		.byte	56
 1378 0545 40       		.byte	64
 1379 0546 39       		.byte	57
 1380 0547 10       		.byte	16
 1381 0548 3E       		.byte	62
 1382 0549 6A       		.byte	106
 1383 054a 40       		.byte	64
 1384 054b 0C       		.byte	12
 1385 054c 41       		.byte	65
 1386 054d 04       		.byte	4
 1387 054e 42       		.byte	66
 1388 054f 40       		.byte	64
 1389 0550 48       		.byte	72
 1390 0551 01       		.byte	1
 1391 0552 49       		.byte	73
 1392 0553 20       		.byte	32
 1393 0554 4B       		.byte	75
 1394 0555 80       		.byte	-128
 1395 0556 50       		.byte	80
 1396 0557 10       		.byte	16
 1397 0558 52       		.byte	82
 1398 0559 04       		.byte	4
 1399 055a 58       		.byte	88
 1400 055b 80       		.byte	-128
 1401 055c 59       		.byte	89
 1402 055d 20       		.byte	32
 1403 055e 5A       		.byte	90
 1404 055f 20       		.byte	32
 1405 0560 5F       		.byte	95
 1406 0561 20       		.byte	32
 1407 0562 63       		.byte	99
 1408 0563 02       		.byte	2
 1409 0564 6D       		.byte	109
 1410 0565 50       		.byte	80
 1411 0566 6E       		.byte	110
 1412 0567 08       		.byte	8
 1413 0568 6F       		.byte	111
 1414 0569 10       		.byte	16
 1415 056a 74       		.byte	116
 1416 056b A8       		.byte	-88
 1417 056c 76       		.byte	118
 1418 056d 2A       		.byte	42
 1419 056e C0       		.byte	-64
 1420 056f 0F       		.byte	15
 1421 0570 C2       		.byte	-62
 1422 0571 0F       		.byte	15
 1423 0572 C4       		.byte	-60
 1424 0573 0F       		.byte	15
 1425 0574 CA       		.byte	-54
ARM GAS  C:\Users\nkhedkar\AppData\Local\Temp\ccaT051u.s 			page 26


 1426 0575 82       		.byte	-126
 1427 0576 CC       		.byte	-52
 1428 0577 D6       		.byte	-42
 1429 0578 CE       		.byte	-50
 1430 0579 FC       		.byte	-4
 1431 057a D0       		.byte	-48
 1432 057b 07       		.byte	7
 1433 057c D2       		.byte	-46
 1434 057d 0C       		.byte	12
 1435 057e D6       		.byte	-42
 1436 057f 28       		.byte	40
 1437 0580 D8       		.byte	-40
 1438 0581 08       		.byte	8
 1439 0582 07       		.byte	7
 1440 0583 0F       		.byte	15
 1441 0584 08       		.byte	8
 1442 0585 06       		.byte	6
 1443 0586 0B       		.byte	11
 1444 0587 06       		.byte	6
 1445 0588 0C       		.byte	12
 1446 0589 06       		.byte	6
 1447 058a 0D       		.byte	13
 1448 058b 0A       		.byte	10
 1449 058c 18       		.byte	24
 1450 058d 02       		.byte	2
 1451 058e 1A       		.byte	26
 1452 058f 04       		.byte	4
 1453 0590 1B       		.byte	27
 1454 0591 03       		.byte	3
 1455 0592 24       		.byte	36
 1456 0593 01       		.byte	1
 1457 0594 27       		.byte	39
 1458 0595 0D       		.byte	13
 1459 0596 28       		.byte	40
 1460 0597 02       		.byte	2
 1461 0598 2A       		.byte	42
 1462 0599 04       		.byte	4
 1463 059a 32       		.byte	50
 1464 059b 07       		.byte	7
 1465 059c 35       		.byte	53
 1466 059d 0F       		.byte	15
 1467 059e 36       		.byte	54
 1468 059f 07       		.byte	7
 1469 05a0 3A       		.byte	58
 1470 05a1 CC       		.byte	-52
 1471 05a2 3B       		.byte	59
 1472 05a3 20       		.byte	32
 1473 05a4 40       		.byte	64
 1474 05a5 54       		.byte	84
 1475 05a6 42       		.byte	66
 1476 05a7 02       		.byte	2
 1477 05a8 49       		.byte	73
 1478 05a9 FF       		.byte	-1
 1479 05aa 4A       		.byte	74
 1480 05ab FF       		.byte	-1
 1481 05ac 4B       		.byte	75
 1482 05ad FF       		.byte	-1
ARM GAS  C:\Users\nkhedkar\AppData\Local\Temp\ccaT051u.s 			page 27


 1483 05ae 4F       		.byte	79
 1484 05af 01       		.byte	1
 1485 05b0 50       		.byte	80
 1486 05b1 18       		.byte	24
 1487 05b2 52       		.byte	82
 1488 05b3 83       		.byte	-125
 1489 05b4 58       		.byte	88
 1490 05b5 04       		.byte	4
 1491 05b6 59       		.byte	89
 1492 05b7 04       		.byte	4
 1493 05b8 5A       		.byte	90
 1494 05b9 04       		.byte	4
 1495 05ba 5B       		.byte	91
 1496 05bb 04       		.byte	4
 1497 05bc 5C       		.byte	92
 1498 05bd 22       		.byte	34
 1499 05be 5D       		.byte	93
 1500 05bf 22       		.byte	34
 1501 05c0 5F       		.byte	95
 1502 05c1 01       		.byte	1
 1503 05c2 60       		.byte	96
 1504 05c3 40       		.byte	64
 1505 05c4 62       		.byte	98
 1506 05c5 40       		.byte	64
 1507 05c6 64       		.byte	100
 1508 05c7 40       		.byte	64
 1509 05c8 65       		.byte	101
 1510 05c9 40       		.byte	64
 1511 05ca 66       		.byte	102
 1512 05cb 80       		.byte	-128
 1513 05cc 68       		.byte	104
 1514 05cd 80       		.byte	-128
 1515 05ce 6A       		.byte	106
 1516 05cf 80       		.byte	-128
 1517 05d0 6C       		.byte	108
 1518 05d1 80       		.byte	-128
 1519 05d2 6E       		.byte	110
 1520 05d3 80       		.byte	-128
 1521 05d4 82       		.byte	-126
 1522 05d5 01       		.byte	1
 1523 05d6 87       		.byte	-121
 1524 05d7 0F       		.byte	15
 1525 05d8 89       		.byte	-119
 1526 05d9 03       		.byte	3
 1527 05da 8B       		.byte	-117
 1528 05db 0C       		.byte	12
 1529 05dc 8D       		.byte	-115
 1530 05dd 05       		.byte	5
 1531 05de 8E       		.byte	-114
 1532 05df 02       		.byte	2
 1533 05e0 8F       		.byte	-113
 1534 05e1 0A       		.byte	10
 1535 05e2 95       		.byte	-107
 1536 05e3 03       		.byte	3
 1537 05e4 97       		.byte	-105
 1538 05e5 0C       		.byte	12
 1539 05e6 9E       		.byte	-98
ARM GAS  C:\Users\nkhedkar\AppData\Local\Temp\ccaT051u.s 			page 28


 1540 05e7 01       		.byte	1
 1541 05e8 A6       		.byte	-90
 1542 05e9 02       		.byte	2
 1543 05ea AD       		.byte	-83
 1544 05eb 05       		.byte	5
 1545 05ec AF       		.byte	-81
 1546 05ed 0A       		.byte	10
 1547 05ee B0       		.byte	-80
 1548 05ef 01       		.byte	1
 1549 05f0 B3       		.byte	-77
 1550 05f1 0F       		.byte	15
 1551 05f2 B6       		.byte	-74
 1552 05f3 02       		.byte	2
 1553 05f4 BE       		.byte	-66
 1554 05f5 01       		.byte	1
 1555 05f6 C0       		.byte	-64
 1556 05f7 14       		.byte	20
 1557 05f8 C2       		.byte	-62
 1558 05f9 03       		.byte	3
 1559 05fa C5       		.byte	-59
 1560 05fb EC       		.byte	-20
 1561 05fc C7       		.byte	-57
 1562 05fd 20       		.byte	32
 1563 05fe C8       		.byte	-56
 1564 05ff 23       		.byte	35
 1565 0600 C9       		.byte	-55
 1566 0601 FF       		.byte	-1
 1567 0602 CA       		.byte	-54
 1568 0603 FF       		.byte	-1
 1569 0604 CB       		.byte	-53
 1570 0605 FF       		.byte	-1
 1571 0606 CD       		.byte	-51
 1572 0607 83       		.byte	-125
 1573 0608 CE       		.byte	-50
 1574 0609 03       		.byte	3
 1575 060a CF       		.byte	-49
 1576 060b 01       		.byte	1
 1577 060c D0       		.byte	-48
 1578 060d 18       		.byte	24
 1579 060e D4       		.byte	-44
 1580 060f 03       		.byte	3
 1581 0610 D8       		.byte	-40
 1582 0611 04       		.byte	4
 1583 0612 D9       		.byte	-39
 1584 0613 04       		.byte	4
 1585 0614 DA       		.byte	-38
 1586 0615 04       		.byte	4
 1587 0616 DB       		.byte	-37
 1588 0617 04       		.byte	4
 1589 0618 DC       		.byte	-36
 1590 0619 22       		.byte	34
 1591 061a DD       		.byte	-35
 1592 061b 22       		.byte	34
 1593 061c DF       		.byte	-33
 1594 061d 01       		.byte	1
 1595 061e E0       		.byte	-32
 1596 061f 40       		.byte	64
ARM GAS  C:\Users\nkhedkar\AppData\Local\Temp\ccaT051u.s 			page 29


 1597 0620 E2       		.byte	-30
 1598 0621 40       		.byte	64
 1599 0622 E4       		.byte	-28
 1600 0623 40       		.byte	64
 1601 0624 E5       		.byte	-27
 1602 0625 40       		.byte	64
 1603 0626 E6       		.byte	-26
 1604 0627 80       		.byte	-128
 1605 0628 E8       		.byte	-24
 1606 0629 80       		.byte	-128
 1607 062a EA       		.byte	-22
 1608 062b 80       		.byte	-128
 1609 062c EC       		.byte	-20
 1610 062d 80       		.byte	-128
 1611 062e EE       		.byte	-18
 1612 062f 80       		.byte	-128
 1613 0630 00       		.byte	0
 1614 0631 10       		.byte	16
 1615 0632 03       		.byte	3
 1616 0633 01       		.byte	1
 1617 0634 05       		.byte	5
 1618 0635 41       		.byte	65
 1619 0636 09       		.byte	9
 1620 0637 20       		.byte	32
 1621 0638 0F       		.byte	15
 1622 0639 02       		.byte	2
 1623 063a 10       		.byte	16
 1624 063b 08       		.byte	8
 1625 063c 11       		.byte	17
 1626 063d 08       		.byte	8
 1627 063e 15       		.byte	21
 1628 063f 04       		.byte	4
 1629 0640 18       		.byte	24
 1630 0641 10       		.byte	16
 1631 0642 19       		.byte	25
 1632 0643 88       		.byte	-120
 1633 0644 1C       		.byte	28
 1634 0645 40       		.byte	64
 1635 0646 1F       		.byte	31
 1636 0647 40       		.byte	64
 1637 0648 21       		.byte	33
 1638 0649 20       		.byte	32
 1639 064a 23       		.byte	35
 1640 064b 08       		.byte	8
 1641 064c 27       		.byte	39
 1642 064d 20       		.byte	32
 1643 064e 29       		.byte	41
 1644 064f 08       		.byte	8
 1645 0650 2D       		.byte	45
 1646 0651 80       		.byte	-128
 1647 0652 31       		.byte	49
 1648 0653 20       		.byte	32
 1649 0654 37       		.byte	55
 1650 0655 08       		.byte	8
 1651 0656 38       		.byte	56
 1652 0657 04       		.byte	4
 1653 0658 39       		.byte	57
ARM GAS  C:\Users\nkhedkar\AppData\Local\Temp\ccaT051u.s 			page 30


 1654 0659 50       		.byte	80
 1655 065a 3C       		.byte	60
 1656 065b 04       		.byte	4
 1657 065c 3D       		.byte	61
 1658 065d 48       		.byte	72
 1659 065e 3E       		.byte	62
 1660 065f 10       		.byte	16
 1661 0660 40       		.byte	64
 1662 0661 04       		.byte	4
 1663 0662 43       		.byte	67
 1664 0663 02       		.byte	2
 1665 0664 45       		.byte	69
 1666 0665 05       		.byte	5
 1667 0666 47       		.byte	71
 1668 0667 80       		.byte	-128
 1669 0668 4B       		.byte	75
 1670 0669 40       		.byte	64
 1671 066a 4F       		.byte	79
 1672 066b 05       		.byte	5
 1673 066c 55       		.byte	85
 1674 066d 01       		.byte	1
 1675 066e 57       		.byte	87
 1676 066f 03       		.byte	3
 1677 0670 5C       		.byte	92
 1678 0671 40       		.byte	64
 1679 0672 5F       		.byte	95
 1680 0673 25       		.byte	37
 1681 0674 68       		.byte	104
 1682 0675 08       		.byte	8
 1683 0676 69       		.byte	105
 1684 0677 50       		.byte	80
 1685 0678 6A       		.byte	106
 1686 0679 10       		.byte	16
 1687 067a 6B       		.byte	107
 1688 067b 01       		.byte	1
 1689 067c 71       		.byte	113
 1690 067d 01       		.byte	1
 1691 067e 73       		.byte	115
 1692 067f C0       		.byte	-64
 1693 0680 87       		.byte	-121
 1694 0681 40       		.byte	64
 1695 0682 91       		.byte	-111
 1696 0683 04       		.byte	4
 1697 0684 99       		.byte	-103
 1698 0685 40       		.byte	64
 1699 0686 9D       		.byte	-99
 1700 0687 01       		.byte	1
 1701 0688 A1       		.byte	-95
 1702 0689 04       		.byte	4
 1703 068a A9       		.byte	-87
 1704 068b 42       		.byte	66
 1705 068c AC       		.byte	-84
 1706 068d 04       		.byte	4
 1707 068e AD       		.byte	-83
 1708 068f 10       		.byte	16
 1709 0690 AE       		.byte	-82
 1710 0691 04       		.byte	4
ARM GAS  C:\Users\nkhedkar\AppData\Local\Temp\ccaT051u.s 			page 31


 1711 0692 B4       		.byte	-76
 1712 0693 24       		.byte	36
 1713 0694 C0       		.byte	-64
 1714 0695 93       		.byte	-109
 1715 0696 C2       		.byte	-62
 1716 0697 82       		.byte	-126
 1717 0698 C4       		.byte	-60
 1718 0699 26       		.byte	38
 1719 069a CA       		.byte	-54
 1720 069b 12       		.byte	18
 1721 069c CC       		.byte	-52
 1722 069d 44       		.byte	68
 1723 069e CE       		.byte	-50
 1724 069f 7E       		.byte	126
 1725 06a0 D0       		.byte	-48
 1726 06a1 D5       		.byte	-43
 1727 06a2 D2       		.byte	-46
 1728 06a3 08       		.byte	8
 1729 06a4 D6       		.byte	-42
 1730 06a5 F0       		.byte	-16
 1731 06a6 EA       		.byte	-22
 1732 06a7 01       		.byte	1
 1733 06a8 EE       		.byte	-18
 1734 06a9 06       		.byte	6
 1735 06aa 00       		.byte	0
 1736 06ab 01       		.byte	1
 1737 06ac 03       		.byte	3
 1738 06ad 01       		.byte	1
 1739 06ae 07       		.byte	7
 1740 06af 04       		.byte	4
 1741 06b0 0B       		.byte	11
 1742 06b1 01       		.byte	1
 1743 06b2 13       		.byte	19
 1744 06b3 02       		.byte	2
 1745 06b4 22       		.byte	34
 1746 06b5 02       		.byte	2
 1747 06b6 25       		.byte	37
 1748 06b7 02       		.byte	2
 1749 06b8 26       		.byte	38
 1750 06b9 01       		.byte	1
 1751 06ba 29       		.byte	41
 1752 06bb 02       		.byte	2
 1753 06bc 30       		.byte	48
 1754 06bd 01       		.byte	1
 1755 06be 33       		.byte	51
 1756 06bf 02       		.byte	2
 1757 06c0 35       		.byte	53
 1758 06c1 01       		.byte	1
 1759 06c2 36       		.byte	54
 1760 06c3 02       		.byte	2
 1761 06c4 37       		.byte	55
 1762 06c5 04       		.byte	4
 1763 06c6 3F       		.byte	63
 1764 06c7 14       		.byte	20
 1765 06c8 40       		.byte	64
 1766 06c9 10       		.byte	16
 1767 06ca 41       		.byte	65
ARM GAS  C:\Users\nkhedkar\AppData\Local\Temp\ccaT051u.s 			page 32


 1768 06cb 06       		.byte	6
 1769 06cc 45       		.byte	69
 1770 06cd D1       		.byte	-47
 1771 06ce 46       		.byte	70
 1772 06cf 20       		.byte	32
 1773 06d0 48       		.byte	72
 1774 06d1 0B       		.byte	11
 1775 06d2 49       		.byte	73
 1776 06d3 FF       		.byte	-1
 1777 06d4 4A       		.byte	74
 1778 06d5 FF       		.byte	-1
 1779 06d6 4B       		.byte	75
 1780 06d7 FF       		.byte	-1
 1781 06d8 4D       		.byte	77
 1782 06d9 A0       		.byte	-96
 1783 06da 4F       		.byte	79
 1784 06db 04       		.byte	4
 1785 06dc 50       		.byte	80
 1786 06dd 18       		.byte	24
 1787 06de 52       		.byte	82
 1788 06df 80       		.byte	-128
 1789 06e0 54       		.byte	84
 1790 06e1 05       		.byte	5
 1791 06e2 58       		.byte	88
 1792 06e3 04       		.byte	4
 1793 06e4 59       		.byte	89
 1794 06e5 04       		.byte	4
 1795 06e6 5A       		.byte	90
 1796 06e7 04       		.byte	4
 1797 06e8 5B       		.byte	91
 1798 06e9 04       		.byte	4
 1799 06ea 5C       		.byte	92
 1800 06eb 22       		.byte	34
 1801 06ec 5D       		.byte	93
 1802 06ed 22       		.byte	34
 1803 06ee 5F       		.byte	95
 1804 06ef 01       		.byte	1
 1805 06f0 60       		.byte	96
 1806 06f1 40       		.byte	64
 1807 06f2 62       		.byte	98
 1808 06f3 C0       		.byte	-64
 1809 06f4 64       		.byte	100
 1810 06f5 40       		.byte	64
 1811 06f6 65       		.byte	101
 1812 06f7 40       		.byte	64
 1813 06f8 66       		.byte	102
 1814 06f9 C0       		.byte	-64
 1815 06fa 68       		.byte	104
 1816 06fb C0       		.byte	-64
 1817 06fc 6A       		.byte	106
 1818 06fd C0       		.byte	-64
 1819 06fe 6C       		.byte	108
 1820 06ff C0       		.byte	-64
 1821 0700 6E       		.byte	110
 1822 0701 C0       		.byte	-64
 1823 0702 84       		.byte	-124
 1824 0703 01       		.byte	1
ARM GAS  C:\Users\nkhedkar\AppData\Local\Temp\ccaT051u.s 			page 33


 1825 0704 89       		.byte	-119
 1826 0705 01       		.byte	1
 1827 0706 8C       		.byte	-116
 1828 0707 04       		.byte	4
 1829 0708 90       		.byte	-112
 1830 0709 06       		.byte	6
 1831 070a 93       		.byte	-109
 1832 070b 01       		.byte	1
 1833 070c 95       		.byte	-107
 1834 070d 01       		.byte	1
 1835 070e 98       		.byte	-104
 1836 070f 08       		.byte	8
 1837 0710 A6       		.byte	-90
 1838 0711 02       		.byte	2
 1839 0712 A8       		.byte	-88
 1840 0713 06       		.byte	6
 1841 0714 AE       		.byte	-82
 1842 0715 01       		.byte	1
 1843 0716 B0       		.byte	-80
 1844 0717 06       		.byte	6
 1845 0718 B2       		.byte	-78
 1846 0719 08       		.byte	8
 1847 071a B4       		.byte	-76
 1848 071b 01       		.byte	1
 1849 071c B7       		.byte	-73
 1850 071d 01       		.byte	1
 1851 071e B8       		.byte	-72
 1852 071f 02       		.byte	2
 1853 0720 BE       		.byte	-66
 1854 0721 11       		.byte	17
 1855 0722 C0       		.byte	-64
 1856 0723 04       		.byte	4
 1857 0724 C6       		.byte	-58
 1858 0725 04       		.byte	4
 1859 0726 C9       		.byte	-55
 1860 0727 FF       		.byte	-1
 1861 0728 CA       		.byte	-54
 1862 0729 07       		.byte	7
 1863 072a CB       		.byte	-53
 1864 072b FF       		.byte	-1
 1865 072c CC       		.byte	-52
 1866 072d 40       		.byte	64
 1867 072e CD       		.byte	-51
 1868 072f 20       		.byte	32
 1869 0730 CE       		.byte	-50
 1870 0731 F0       		.byte	-16
 1871 0732 CF       		.byte	-49
 1872 0733 05       		.byte	5
 1873 0734 D0       		.byte	-48
 1874 0735 08       		.byte	8
 1875 0736 D8       		.byte	-40
 1876 0737 04       		.byte	4
 1877 0738 D9       		.byte	-39
 1878 0739 04       		.byte	4
 1879 073a DA       		.byte	-38
 1880 073b 04       		.byte	4
 1881 073c DC       		.byte	-36
ARM GAS  C:\Users\nkhedkar\AppData\Local\Temp\ccaT051u.s 			page 34


 1882 073d 22       		.byte	34
 1883 073e DD       		.byte	-35
 1884 073f 01       		.byte	1
 1885 0740 DF       		.byte	-33
 1886 0741 01       		.byte	1
 1887 0742 E0       		.byte	-32
 1888 0743 40       		.byte	64
 1889 0744 E1       		.byte	-31
 1890 0745 A8       		.byte	-88
 1891 0746 E2       		.byte	-30
 1892 0747 40       		.byte	64
 1893 0748 E3       		.byte	-29
 1894 0749 20       		.byte	32
 1895 074a 00       		.byte	0
 1896 074b 08       		.byte	8
 1897 074c 01       		.byte	1
 1898 074d 40       		.byte	64
 1899 074e 04       		.byte	4
 1900 074f 02       		.byte	2
 1901 0750 09       		.byte	9
 1902 0751 02       		.byte	2
 1903 0752 0A       		.byte	10
 1904 0753 04       		.byte	4
 1905 0754 10       		.byte	16
 1906 0755 26       		.byte	38
 1907 0756 15       		.byte	21
 1908 0757 04       		.byte	4
 1909 0758 16       		.byte	22
 1910 0759 40       		.byte	64
 1911 075a 18       		.byte	24
 1912 075b 04       		.byte	4
 1913 075c 1A       		.byte	26
 1914 075d 40       		.byte	64
 1915 075e 1B       		.byte	27
 1916 075f 08       		.byte	8
 1917 0760 1C       		.byte	28
 1918 0761 41       		.byte	65
 1919 0762 1D       		.byte	29
 1920 0763 C0       		.byte	-64
 1921 0764 22       		.byte	34
 1922 0765 40       		.byte	64
 1923 0766 24       		.byte	36
 1924 0767 02       		.byte	2
 1925 0768 25       		.byte	37
 1926 0769 04       		.byte	4
 1927 076a 27       		.byte	39
 1928 076b 08       		.byte	8
 1929 076c 2E       		.byte	46
 1930 076d 04       		.byte	4
 1931 076e 2F       		.byte	47
 1932 076f 08       		.byte	8
 1933 0770 31       		.byte	49
 1934 0771 01       		.byte	1
 1935 0772 33       		.byte	51
 1936 0773 08       		.byte	8
 1937 0774 35       		.byte	53
 1938 0775 01       		.byte	1
ARM GAS  C:\Users\nkhedkar\AppData\Local\Temp\ccaT051u.s 			page 35


 1939 0776 39       		.byte	57
 1940 0777 20       		.byte	32
 1941 0778 3C       		.byte	60
 1942 0779 01       		.byte	1
 1943 077a 3D       		.byte	61
 1944 077b 04       		.byte	4
 1945 077c 3F       		.byte	63
 1946 077d 20       		.byte	32
 1947 077e 42       		.byte	66
 1948 077f 40       		.byte	64
 1949 0780 45       		.byte	69
 1950 0781 80       		.byte	-128
 1951 0782 48       		.byte	72
 1952 0783 20       		.byte	32
 1953 0784 4D       		.byte	77
 1954 0785 04       		.byte	4
 1955 0786 4F       		.byte	79
 1956 0787 21       		.byte	33
 1957 0788 50       		.byte	80
 1958 0789 80       		.byte	-128
 1959 078a 57       		.byte	87
 1960 078b 10       		.byte	16
 1961 078c 5C       		.byte	92
 1962 078d 40       		.byte	64
 1963 078e 5F       		.byte	95
 1964 078f 09       		.byte	9
 1965 0790 76       		.byte	118
 1966 0791 40       		.byte	64
 1967 0792 80       		.byte	-128
 1968 0793 80       		.byte	-128
 1969 0794 96       		.byte	-106
 1970 0795 80       		.byte	-128
 1971 0796 98       		.byte	-104
 1972 0797 04       		.byte	4
 1973 0798 A0       		.byte	-96
 1974 0799 02       		.byte	2
 1975 079a AC       		.byte	-84
 1976 079b 04       		.byte	4
 1977 079c C0       		.byte	-64
 1978 079d 15       		.byte	21
 1979 079e C2       		.byte	-62
 1980 079f 0A       		.byte	10
 1981 07a0 C4       		.byte	-60
 1982 07a1 37       		.byte	55
 1983 07a2 CA       		.byte	-54
 1984 07a3 60       		.byte	96
 1985 07a4 CC       		.byte	-52
 1986 07a5 83       		.byte	-125
 1987 07a6 CE       		.byte	-50
 1988 07a7 E4       		.byte	-28
 1989 07a8 D0       		.byte	-48
 1990 07a9 11       		.byte	17
 1991 07aa D2       		.byte	-46
 1992 07ab 20       		.byte	32
 1993 07ac D6       		.byte	-42
 1994 07ad D0       		.byte	-48
 1995 07ae E0       		.byte	-32
ARM GAS  C:\Users\nkhedkar\AppData\Local\Temp\ccaT051u.s 			page 36


 1996 07af 04       		.byte	4
 1997 07b0 E2       		.byte	-30
 1998 07b1 80       		.byte	-128
 1999 07b2 EA       		.byte	-22
 2000 07b3 08       		.byte	8
 2001 07b4 00       		.byte	0
 2002 07b5 02       		.byte	2
 2003 07b6 02       		.byte	2
 2004 07b7 04       		.byte	4
 2005 07b8 07       		.byte	7
 2006 07b9 08       		.byte	8
 2007 07ba 0A       		.byte	10
 2008 07bb 08       		.byte	8
 2009 07bc 0C       		.byte	12
 2010 07bd 18       		.byte	24
 2011 07be 0E       		.byte	14
 2012 07bf 05       		.byte	5
 2013 07c0 14       		.byte	20
 2014 07c1 01       		.byte	1
 2015 07c2 16       		.byte	22
 2016 07c3 0C       		.byte	12
 2017 07c4 17       		.byte	23
 2018 07c5 0C       		.byte	12
 2019 07c6 19       		.byte	25
 2020 07c7 01       		.byte	1
 2021 07c8 1A       		.byte	26
 2022 07c9 18       		.byte	24
 2023 07ca 1B       		.byte	27
 2024 07cb 0E       		.byte	14
 2025 07cc 1D       		.byte	29
 2026 07cd 0C       		.byte	12
 2027 07ce 1F       		.byte	31
 2028 07cf 03       		.byte	3
 2029 07d0 24       		.byte	36
 2030 07d1 01       		.byte	1
 2031 07d2 25       		.byte	37
 2032 07d3 10       		.byte	16
 2033 07d4 26       		.byte	38
 2034 07d5 14       		.byte	20
 2035 07d6 29       		.byte	41
 2036 07d7 01       		.byte	1
 2037 07d8 2B       		.byte	43
 2038 07d9 06       		.byte	6
 2039 07da 2F       		.byte	47
 2040 07db 03       		.byte	3
 2041 07dc 32       		.byte	50
 2042 07dd 1C       		.byte	28
 2043 07de 34       		.byte	52
 2044 07df 03       		.byte	3
 2045 07e0 35       		.byte	53
 2046 07e1 10       		.byte	16
 2047 07e2 37       		.byte	55
 2048 07e3 0F       		.byte	15
 2049 07e4 38       		.byte	56
 2050 07e5 20       		.byte	32
 2051 07e6 3A       		.byte	58
 2052 07e7 08       		.byte	8
ARM GAS  C:\Users\nkhedkar\AppData\Local\Temp\ccaT051u.s 			page 37


 2053 07e8 3B       		.byte	59
 2054 07e9 80       		.byte	-128
 2055 07ea 3F       		.byte	63
 2056 07eb 10       		.byte	16
 2057 07ec 40       		.byte	64
 2058 07ed 61       		.byte	97
 2059 07ee 42       		.byte	66
 2060 07ef 05       		.byte	5
 2061 07f0 49       		.byte	73
 2062 07f1 FF       		.byte	-1
 2063 07f2 4A       		.byte	74
 2064 07f3 FF       		.byte	-1
 2065 07f4 4B       		.byte	75
 2066 07f5 FF       		.byte	-1
 2067 07f6 4F       		.byte	79
 2068 07f7 01       		.byte	1
 2069 07f8 50       		.byte	80
 2070 07f9 18       		.byte	24
 2071 07fa 58       		.byte	88
 2072 07fb 04       		.byte	4
 2073 07fc 59       		.byte	89
 2074 07fd 04       		.byte	4
 2075 07fe 5A       		.byte	90
 2076 07ff 04       		.byte	4
 2077 0800 5C       		.byte	92
 2078 0801 11       		.byte	17
 2079 0802 5F       		.byte	95
 2080 0803 01       		.byte	1
 2081 0804 60       		.byte	96
 2082 0805 40       		.byte	64
 2083 0806 62       		.byte	98
 2084 0807 40       		.byte	64
 2085 0808 64       		.byte	100
 2086 0809 40       		.byte	64
 2087 080a 65       		.byte	101
 2088 080b 40       		.byte	64
 2089 080c 66       		.byte	102
 2090 080d 80       		.byte	-128
 2091 080e 68       		.byte	104
 2092 080f 80       		.byte	-128
 2093 0810 6A       		.byte	106
 2094 0811 80       		.byte	-128
 2095 0812 6C       		.byte	108
 2096 0813 80       		.byte	-128
 2097 0814 6E       		.byte	110
 2098 0815 80       		.byte	-128
 2099 0816 8A       		.byte	-118
 2100 0817 05       		.byte	5
 2101 0818 8B       		.byte	-117
 2102 0819 05       		.byte	5
 2103 081a 8F       		.byte	-113
 2104 081b 05       		.byte	5
 2105 081c 92       		.byte	-110
 2106 081d 05       		.byte	5
 2107 081e 96       		.byte	-106
 2108 081f 02       		.byte	2
 2109 0820 9B       		.byte	-101
ARM GAS  C:\Users\nkhedkar\AppData\Local\Temp\ccaT051u.s 			page 38


 2110 0821 01       		.byte	1
 2111 0822 9D       		.byte	-99
 2112 0823 01       		.byte	1
 2113 0824 9F       		.byte	-97
 2114 0825 02       		.byte	2
 2115 0826 A0       		.byte	-96
 2116 0827 04       		.byte	4
 2117 0828 A3       		.byte	-93
 2118 0829 04       		.byte	4
 2119 082a A6       		.byte	-90
 2120 082b 04       		.byte	4
 2121 082c B2       		.byte	-78
 2122 082d 02       		.byte	2
 2123 082e B3       		.byte	-77
 2124 082f 01       		.byte	1
 2125 0830 B4       		.byte	-76
 2126 0831 01       		.byte	1
 2127 0832 B5       		.byte	-75
 2128 0833 02       		.byte	2
 2129 0834 B6       		.byte	-74
 2130 0835 04       		.byte	4
 2131 0836 B7       		.byte	-73
 2132 0837 04       		.byte	4
 2133 0838 BE       		.byte	-66
 2134 0839 50       		.byte	80
 2135 083a BF       		.byte	-65
 2136 083b 40       		.byte	64
 2137 083c C0       		.byte	-64
 2138 083d 64       		.byte	100
 2139 083e C2       		.byte	-62
 2140 083f 01       		.byte	1
 2141 0840 C5       		.byte	-59
 2142 0841 EC       		.byte	-20
 2143 0842 C7       		.byte	-57
 2144 0843 20       		.byte	32
 2145 0844 C8       		.byte	-56
 2146 0845 23       		.byte	35
 2147 0846 C9       		.byte	-55
 2148 0847 FF       		.byte	-1
 2149 0848 CA       		.byte	-54
 2150 0849 FF       		.byte	-1
 2151 084a CB       		.byte	-53
 2152 084b FF       		.byte	-1
 2153 084c CD       		.byte	-51
 2154 084d 83       		.byte	-125
 2155 084e CE       		.byte	-50
 2156 084f 03       		.byte	3
 2157 0850 CF       		.byte	-49
 2158 0851 01       		.byte	1
 2159 0852 D0       		.byte	-48
 2160 0853 18       		.byte	24
 2161 0854 D2       		.byte	-46
 2162 0855 80       		.byte	-128
 2163 0856 D4       		.byte	-44
 2164 0857 03       		.byte	3
 2165 0858 D8       		.byte	-40
 2166 0859 0C       		.byte	12
ARM GAS  C:\Users\nkhedkar\AppData\Local\Temp\ccaT051u.s 			page 39


 2167 085a D9       		.byte	-39
 2168 085b 04       		.byte	4
 2169 085c DA       		.byte	-38
 2170 085d 04       		.byte	4
 2171 085e DB       		.byte	-37
 2172 085f 04       		.byte	4
 2173 0860 DC       		.byte	-36
 2174 0861 09       		.byte	9
 2175 0862 DF       		.byte	-33
 2176 0863 01       		.byte	1
 2177 0864 E0       		.byte	-32
 2178 0865 40       		.byte	64
 2179 0866 E2       		.byte	-30
 2180 0867 40       		.byte	64
 2181 0868 E4       		.byte	-28
 2182 0869 40       		.byte	64
 2183 086a E5       		.byte	-27
 2184 086b 40       		.byte	64
 2185 086c E6       		.byte	-26
 2186 086d 80       		.byte	-128
 2187 086e E8       		.byte	-24
 2188 086f 80       		.byte	-128
 2189 0870 EA       		.byte	-22
 2190 0871 80       		.byte	-128
 2191 0872 EC       		.byte	-20
 2192 0873 80       		.byte	-128
 2193 0874 EE       		.byte	-18
 2194 0875 80       		.byte	-128
 2195 0876 00       		.byte	0
 2196 0877 10       		.byte	16
 2197 0878 04       		.byte	4
 2198 0879 20       		.byte	32
 2199 087a 06       		.byte	6
 2200 087b 80       		.byte	-128
 2201 087c 07       		.byte	7
 2202 087d 01       		.byte	1
 2203 087e 09       		.byte	9
 2204 087f 08       		.byte	8
 2205 0880 0A       		.byte	10
 2206 0881 40       		.byte	64
 2207 0882 0E       		.byte	14
 2208 0883 18       		.byte	24
 2209 0884 10       		.byte	16
 2210 0885 40       		.byte	64
 2211 0886 12       		.byte	18
 2212 0887 20       		.byte	32
 2213 0888 13       		.byte	19
 2214 0889 02       		.byte	2
 2215 088a 16       		.byte	22
 2216 088b 20       		.byte	32
 2217 088c 18       		.byte	24
 2218 088d 10       		.byte	16
 2219 088e 19       		.byte	25
 2220 088f 20       		.byte	32
 2221 0890 1A       		.byte	26
 2222 0891 03       		.byte	3
 2223 0892 1B       		.byte	27
ARM GAS  C:\Users\nkhedkar\AppData\Local\Temp\ccaT051u.s 			page 40


 2224 0893 08       		.byte	8
 2225 0894 1E       		.byte	30
 2226 0895 38       		.byte	56
 2227 0896 22       		.byte	34
 2228 0897 64       		.byte	100
 2229 0898 26       		.byte	38
 2230 0899 80       		.byte	-128
 2231 089a 27       		.byte	39
 2232 089b 09       		.byte	9
 2233 089c 2A       		.byte	42
 2234 089d 01       		.byte	1
 2235 089e 2D       		.byte	45
 2236 089f 04       		.byte	4
 2237 08a0 2E       		.byte	46
 2238 08a1 A0       		.byte	-96
 2239 08a2 30       		.byte	48
 2240 08a3 40       		.byte	64
 2241 08a4 32       		.byte	50
 2242 08a5 20       		.byte	32
 2243 08a6 36       		.byte	54
 2244 08a7 94       		.byte	-108
 2245 08a8 38       		.byte	56
 2246 08a9 10       		.byte	16
 2247 08aa 3B       		.byte	59
 2248 08ab 40       		.byte	64
 2249 08ac 3D       		.byte	61
 2250 08ad 08       		.byte	8
 2251 08ae 41       		.byte	65
 2252 08af 01       		.byte	1
 2253 08b0 42       		.byte	66
 2254 08b1 01       		.byte	1
 2255 08b2 46       		.byte	70
 2256 08b3 01       		.byte	1
 2257 08b4 49       		.byte	73
 2258 08b5 25       		.byte	37
 2259 08b6 4D       		.byte	77
 2260 08b7 20       		.byte	32
 2261 08b8 4E       		.byte	78
 2262 08b9 01       		.byte	1
 2263 08ba 51       		.byte	81
 2264 08bb 01       		.byte	1
 2265 08bc 52       		.byte	82
 2266 08bd 01       		.byte	1
 2267 08be 58       		.byte	88
 2268 08bf 10       		.byte	16
 2269 08c0 59       		.byte	89
 2270 08c1 05       		.byte	5
 2271 08c2 5A       		.byte	90
 2272 08c3 80       		.byte	-128
 2273 08c4 72       		.byte	114
 2274 08c5 40       		.byte	64
 2275 08c6 73       		.byte	115
 2276 08c7 40       		.byte	64
 2277 08c8 7B       		.byte	123
 2278 08c9 01       		.byte	1
 2279 08ca 80       		.byte	-128
 2280 08cb 10       		.byte	16
ARM GAS  C:\Users\nkhedkar\AppData\Local\Temp\ccaT051u.s 			page 41


 2281 08cc 81       		.byte	-127
 2282 08cd 04       		.byte	4
 2283 08ce 88       		.byte	-120
 2284 08cf 10       		.byte	16
 2285 08d0 8A       		.byte	-118
 2286 08d1 05       		.byte	5
 2287 08d2 91       		.byte	-111
 2288 08d3 04       		.byte	4
 2289 08d4 96       		.byte	-106
 2290 08d5 10       		.byte	16
 2291 08d6 9A       		.byte	-102
 2292 08d7 20       		.byte	32
 2293 08d8 9B       		.byte	-101
 2294 08d9 02       		.byte	2
 2295 08da 9D       		.byte	-99
 2296 08db 80       		.byte	-128
 2297 08dc 9F       		.byte	-97
 2298 08dd 29       		.byte	41
 2299 08de A1       		.byte	-95
 2300 08df 08       		.byte	8
 2301 08e0 A3       		.byte	-93
 2302 08e1 01       		.byte	1
 2303 08e2 A5       		.byte	-91
 2304 08e3 04       		.byte	4
 2305 08e4 A6       		.byte	-90
 2306 08e5 04       		.byte	4
 2307 08e6 A8       		.byte	-88
 2308 08e7 20       		.byte	32
 2309 08e8 AA       		.byte	-86
 2310 08e9 02       		.byte	2
 2311 08ea AE       		.byte	-82
 2312 08eb 20       		.byte	32
 2313 08ec AF       		.byte	-81
 2314 08ed 42       		.byte	66
 2315 08ee B0       		.byte	-80
 2316 08ef 02       		.byte	2
 2317 08f0 B1       		.byte	-79
 2318 08f1 04       		.byte	4
 2319 08f2 C0       		.byte	-64
 2320 08f3 D2       		.byte	-46
 2321 08f4 C2       		.byte	-62
 2322 08f5 6C       		.byte	108
 2323 08f6 C4       		.byte	-60
 2324 08f7 2C       		.byte	44
 2325 08f8 CA       		.byte	-54
 2326 08f9 71       		.byte	113
 2327 08fa CC       		.byte	-52
 2328 08fb 7C       		.byte	124
 2329 08fc CE       		.byte	-50
 2330 08fd 4C       		.byte	76
 2331 08fe D0       		.byte	-48
 2332 08ff 19       		.byte	25
 2333 0900 D2       		.byte	-46
 2334 0901 34       		.byte	52
 2335 0902 D6       		.byte	-42
 2336 0903 0F       		.byte	15
 2337 0904 DE       		.byte	-34
ARM GAS  C:\Users\nkhedkar\AppData\Local\Temp\ccaT051u.s 			page 42


 2338 0905 08       		.byte	8
 2339 0906 E2       		.byte	-30
 2340 0907 80       		.byte	-128
 2341 0908 EE       		.byte	-18
 2342 0909 02       		.byte	2
 2343 090a 86       		.byte	-122
 2344 090b 04       		.byte	4
 2345 090c 92       		.byte	-110
 2346 090d 08       		.byte	8
 2347 090e AA       		.byte	-86
 2348 090f 90       		.byte	-112
 2349 0910 AF       		.byte	-81
 2350 0911 08       		.byte	8
 2351 0912 B5       		.byte	-75
 2352 0913 80       		.byte	-128
 2353 0914 B6       		.byte	-74
 2354 0915 80       		.byte	-128
 2355 0916 B7       		.byte	-73
 2356 0917 20       		.byte	32
 2357 0918 E4       		.byte	-28
 2358 0919 08       		.byte	8
 2359 091a EC       		.byte	-20
 2360 091b 52       		.byte	82
 2361 091c 0B       		.byte	11
 2362 091d 02       		.byte	2
 2363 091e 30       		.byte	48
 2364 091f 40       		.byte	64
 2365 0920 33       		.byte	51
 2366 0921 01       		.byte	1
 2367 0922 37       		.byte	55
 2368 0923 40       		.byte	64
 2369 0924 C2       		.byte	-62
 2370 0925 40       		.byte	64
 2371 0926 CC       		.byte	-52
 2372 0927 70       		.byte	112
 2373 0928 83       		.byte	-125
 2374 0929 40       		.byte	64
 2375 092a 93       		.byte	-109
 2376 092b 02       		.byte	2
 2377 092c 9C       		.byte	-100
 2378 092d 40       		.byte	64
 2379 092e 9F       		.byte	-97
 2380 092f 41       		.byte	65
 2381 0930 E6       		.byte	-26
 2382 0931 80       		.byte	-128
 2383 0932 9C       		.byte	-100
 2384 0933 40       		.byte	64
 2385 0934 AF       		.byte	-81
 2386 0935 01       		.byte	1
 2387 0936 B7       		.byte	-73
 2388 0937 01       		.byte	1
 2389 0938 EA       		.byte	-22
 2390 0939 40       		.byte	64
 2391 093a 9C       		.byte	-100
 2392 093b 40       		.byte	64
 2393 093c 0B       		.byte	11
 2394 093d 02       		.byte	2
ARM GAS  C:\Users\nkhedkar\AppData\Local\Temp\ccaT051u.s 			page 43


 2395 093e 54       		.byte	84
 2396 093f 20       		.byte	32
 2397 0940 C2       		.byte	-62
 2398 0941 02       		.byte	2
 2399 0942 D4       		.byte	-44
 2400 0943 02       		.byte	2
 2401 0944 0C       		.byte	12
 2402 0945 10       		.byte	16
 2403 0946 11       		.byte	17
 2404 0947 04       		.byte	4
 2405 0948 88       		.byte	-120
 2406 0949 10       		.byte	16
 2407 094a A4       		.byte	-92
 2408 094b 20       		.byte	32
 2409 094c B7       		.byte	-73
 2410 094d 01       		.byte	1
 2411 094e C2       		.byte	-62
 2412 094f 01       		.byte	1
 2413 0950 C4       		.byte	-60
 2414 0951 08       		.byte	8
 2415 0952 E2       		.byte	-30
 2416 0953 04       		.byte	4
 2417 0954 EA       		.byte	-22
 2418 0955 02       		.byte	2
 2419 0956 91       		.byte	-111
 2420 0957 04       		.byte	4
 2421 0958 A4       		.byte	-92
 2422 0959 20       		.byte	32
 2423 095a 91       		.byte	-111
 2424 095b 04       		.byte	4
 2425 095c B4       		.byte	-76
 2426 095d 20       		.byte	32
 2427 095e EC       		.byte	-20
 2428 095f 08       		.byte	8
 2429 0960 88       		.byte	-120
 2430 0961 40       		.byte	64
 2431 0962 9C       		.byte	-100
 2432 0963 40       		.byte	64
 2433 0964 13       		.byte	19
 2434 0965 04       		.byte	4
 2435 0966 63       		.byte	99
 2436 0967 10       		.byte	16
 2437 0968 87       		.byte	-121
 2438 0969 10       		.byte	16
 2439 096a 97       		.byte	-105
 2440 096b 04       		.byte	4
 2441 096c AF       		.byte	-81
 2442 096d 04       		.byte	4
 2443 096e C4       		.byte	-60
 2444 096f 10       		.byte	16
 2445 0970 D8       		.byte	-40
 2446 0971 40       		.byte	64
 2447 0972 E2       		.byte	-30
 2448 0973 10       		.byte	16
 2449 0974 E8       		.byte	-24
 2450 0975 40       		.byte	64
 2451 0976 AD       		.byte	-83
ARM GAS  C:\Users\nkhedkar\AppData\Local\Temp\ccaT051u.s 			page 44


 2452 0977 04       		.byte	4
 2453 0978 54       		.byte	84
 2454 0979 04       		.byte	4
 2455 097a 67       		.byte	103
 2456 097b 08       		.byte	8
 2457 097c 87       		.byte	-121
 2458 097d 04       		.byte	4
 2459 097e A0       		.byte	-96
 2460 097f 04       		.byte	4
 2461 0980 AC       		.byte	-84
 2462 0981 04       		.byte	4
 2463 0982 D4       		.byte	-44
 2464 0983 02       		.byte	2
 2465 0984 D8       		.byte	-40
 2466 0985 01       		.byte	1
 2467 0986 00       		.byte	0
 2468 0987 0A       		.byte	10
 2469 0988 01       		.byte	1
 2470 0989 01       		.byte	1
 2471 098a 0C       		.byte	12
 2472 098b 0A       		.byte	10
 2473 098c 0D       		.byte	13
 2474 098d 01       		.byte	1
 2475 098e 0E       		.byte	14
 2476 098f 0A       		.byte	10
 2477 0990 0F       		.byte	15
 2478 0991 01       		.byte	1
 2479 0992 10       		.byte	16
 2480 0993 07       		.byte	7
 2481 0994 11       		.byte	17
 2482 0995 01       		.byte	1
 2483 0996 1A       		.byte	26
 2484 0997 06       		.byte	6
 2485 0998 1C       		.byte	28
 2486 0999 03       		.byte	3
 2487 099a 1D       		.byte	29
 2488 099b 01       		.byte	1
 2489 099c 00       		.byte	0
 2490 099d 3F       		.byte	63
 2491 099e 00       		.byte	0
 2492 099f 00       		.byte	0
 2493 09a0 01       		.byte	1
 2494 09a1 00       		.byte	0
 2495 09a2 00       		.byte	0
 2496 09a3 01       		.byte	1
 2497 09a4 00       		.byte	0
 2498 09a5 00       		.byte	0
 2499 09a6 00       		.byte	0
 2500 09a7 00       		.byte	0
 2501 09a8 00       		.byte	0
 2502 09a9 00       		.byte	0
 2503 09aa 00       		.byte	0
 2504 09ab 00       		.byte	0
 2505 09ac 00       		.byte	0
 2506 09ad 0B       		.byte	11
 2507 09ae 0B       		.byte	11
 2508 09af 00       		.byte	0
ARM GAS  C:\Users\nkhedkar\AppData\Local\Temp\ccaT051u.s 			page 45


 2509 09b0 00       		.byte	0
 2510 09b1 00       		.byte	0
 2511 09b2 40       		.byte	64
 2512 09b3 00       		.byte	0
 2513 09b4 80       		.byte	-128
 2514 09b5 7F       		.byte	127
 2515 09b6 7F       		.byte	127
 2516 09b7 00       		.byte	0
 2517 09b8 00       		.byte	0
 2518 09b9 00       		.byte	0
 2519 09ba 00       		.byte	0
 2520 09bb 00       		.byte	0
 2521 09bc 40       		.byte	64
 2522 09bd 00       		.byte	0
 2523 09be 00       		.byte	0
 2524 09bf 40       		.byte	64
 2525 09c0 00       		.byte	0
 2526 09c1 00       		.byte	0
 2527 09c2 40       		.byte	64
 2528 09c3 00       		.byte	0
 2529 09c4 00       		.byte	0
 2530 09c5 00       		.byte	0
 2531 09c6 00       		.byte	0
 2532 09c7 00       		.byte	0
 2533 09c8 41       		.byte	65
 2534 09c9 01       		.byte	1
 2535 09ca 00       		.byte	0
 2536 09cb 00       		.byte	0
 2537 09cc 00       		.byte	0
 2538 09cd 00       		.byte	0
 2539 09ce 01       		.byte	1
 2540 09cf 00       		.byte	0
 2541 09d0 40       		.byte	64
 2542 09d1 00       		.byte	0
 2543 09d2 04       		.byte	4
 2544 09d3 40       		.byte	64
 2545 09d4 00       		.byte	0
 2546 09d5 00       		.byte	0
 2547 09d6 44       		.byte	68
 2548 09d7 00       		.byte	0
 2549 09d8 00       		.byte	0
 2550 09d9 00       		.byte	0
 2551 09da 00       		.byte	0
 2552 09db 00       		.byte	0
 2553 09dc 01       		.byte	1
 2554 09dd 00       		.byte	0
 2555 09de 40       		.byte	64
 2556 09df 01       		.byte	1
 2557 09e0 01       		.byte	1
 2558 09e1 00       		.byte	0
 2559 09e2 01       		.byte	1
 2560 09e3 00       		.byte	0
 2561 09e4 00       		.byte	0
 2562 09e5 00       		.byte	0
 2563 09e6 00       		.byte	0
 2564 09e7 00       		.byte	0
 2565              		.section	.cywolatch,"a",%progbits
ARM GAS  C:\Users\nkhedkar\AppData\Local\Temp\ccaT051u.s 			page 46


 2566              		.align	2
 2567              		.type	cy_meta_wonvl, %object
 2568              		.size	cy_meta_wonvl, 4
 2569              	cy_meta_wonvl:
 2570 0000 BC       		.byte	-68
 2571 0001 90       		.byte	-112
 2572 0002 AC       		.byte	-84
 2573 0003 AF       		.byte	-81
 2574              		.section	.cycustnvl,"a",%progbits
 2575              		.align	2
 2576              		.type	cy_meta_custnvl, %object
 2577              		.size	cy_meta_custnvl, 4
 2578              	cy_meta_custnvl:
 2579 0000 00       		.byte	0
 2580 0001 00       		.byte	0
 2581 0002 40       		.byte	64
 2582 0003 05       		.byte	5
 2583              		.section	.cymeta,"a",%progbits
 2584              		.align	2
 2585              		.type	cy_metadata, %object
 2586              		.size	cy_metadata, 12
 2587              	cy_metadata:
 2588 0000 00       		.byte	0
 2589 0001 01       		.byte	1
 2590 0002 2E       		.byte	46
 2591 0003 12       		.byte	18
 2592 0004 30       		.byte	48
 2593 0005 69       		.byte	105
 2594 0006 00       		.byte	0
 2595 0007 01       		.byte	1
 2596 0008 00       		.byte	0
 2597 0009 00       		.byte	0
 2598 000a 00       		.byte	0
 2599 000b 00       		.byte	0
 2600              		.section	.cyflashprotect,"a",%progbits
 2601              		.align	2
 2602              		.type	cy_meta_flashprotect, %object
 2603              		.size	cy_meta_flashprotect, 256
 2604              	cy_meta_flashprotect:
 2605 0000 00000000 		.space	256
 2605      00000000 
 2605      00000000 
 2605      00000000 
 2605      00000000 
 2606              		.text
 2607              	.Letext0:
 2608              		.file 1 "c:\\program files (x86)\\cypress\\psoc creator\\4.2\\psoc creator\\import\\gnu\\arm\\5.4.
 2609              		.file 2 "c:\\program files (x86)\\cypress\\psoc creator\\4.2\\psoc creator\\import\\gnu\\arm\\5.4.
 2610              		.file 3 "Generated_Source\\PSoC5\\cymetadata.c"
 2611              		.section	.debug_info,"",%progbits
 2612              	.Ldebug_info0:
 2613 0000 35010000 		.4byte	0x135
 2614 0004 0400     		.2byte	0x4
 2615 0006 00000000 		.4byte	.Ldebug_abbrev0
 2616 000a 04       		.byte	0x4
 2617 000b 01       		.uleb128 0x1
 2618 000c 24000000 		.4byte	.LASF17
ARM GAS  C:\Users\nkhedkar\AppData\Local\Temp\ccaT051u.s 			page 47


 2619 0010 0C       		.byte	0xc
 2620 0011 D4010000 		.4byte	.LASF18
 2621 0015 B2000000 		.4byte	.LASF19
 2622 0019 00000000 		.4byte	.Ldebug_line0
 2623 001d 02       		.uleb128 0x2
 2624 001e 01       		.byte	0x1
 2625 001f 06       		.byte	0x6
 2626 0020 C8010000 		.4byte	.LASF0
 2627 0024 03       		.uleb128 0x3
 2628 0025 00000000 		.4byte	.LASF9
 2629 0029 01       		.byte	0x1
 2630 002a 1D       		.byte	0x1d
 2631 002b 2F000000 		.4byte	0x2f
 2632 002f 02       		.uleb128 0x2
 2633 0030 01       		.byte	0x1
 2634 0031 08       		.byte	0x8
 2635 0032 16000000 		.4byte	.LASF1
 2636 0036 02       		.uleb128 0x2
 2637 0037 02       		.byte	0x2
 2638 0038 05       		.byte	0x5
 2639 0039 B5010000 		.4byte	.LASF2
 2640 003d 02       		.uleb128 0x2
 2641 003e 02       		.byte	0x2
 2642 003f 07       		.byte	0x7
 2643 0040 1A010000 		.4byte	.LASF3
 2644 0044 02       		.uleb128 0x2
 2645 0045 04       		.byte	0x4
 2646 0046 05       		.byte	0x5
 2647 0047 BF010000 		.4byte	.LASF4
 2648 004b 02       		.uleb128 0x2
 2649 004c 04       		.byte	0x4
 2650 004d 07       		.byte	0x7
 2651 004e 08010000 		.4byte	.LASF5
 2652 0052 02       		.uleb128 0x2
 2653 0053 08       		.byte	0x8
 2654 0054 05       		.byte	0x5
 2655 0055 A7010000 		.4byte	.LASF6
 2656 0059 02       		.uleb128 0x2
 2657 005a 08       		.byte	0x8
 2658 005b 07       		.byte	0x7
 2659 005c 5C010000 		.4byte	.LASF7
 2660 0060 04       		.uleb128 0x4
 2661 0061 04       		.byte	0x4
 2662 0062 05       		.byte	0x5
 2663 0063 696E7400 		.ascii	"int\000"
 2664 0067 02       		.uleb128 0x2
 2665 0068 04       		.byte	0x4
 2666 0069 07       		.byte	0x7
 2667 006a 4F010000 		.4byte	.LASF8
 2668 006e 03       		.uleb128 0x3
 2669 006f 73010000 		.4byte	.LASF10
 2670 0073 02       		.byte	0x2
 2671 0074 18       		.byte	0x18
 2672 0075 24000000 		.4byte	0x24
 2673 0079 05       		.uleb128 0x5
 2674 007a 91000000 		.4byte	0x91
 2675 007e 8A000000 		.4byte	0x8a
ARM GAS  C:\Users\nkhedkar\AppData\Local\Temp\ccaT051u.s 			page 48


 2676 0082 06       		.uleb128 0x6
 2677 0083 8A000000 		.4byte	0x8a
 2678 0087 E709     		.2byte	0x9e7
 2679 0089 00       		.byte	0
 2680 008a 02       		.uleb128 0x2
 2681 008b 04       		.byte	0x4
 2682 008c 07       		.byte	0x7
 2683 008d 9E010000 		.4byte	.LASF11
 2684 0091 07       		.uleb128 0x7
 2685 0092 6E000000 		.4byte	0x6e
 2686 0096 08       		.uleb128 0x8
 2687 0097 3D010000 		.4byte	.LASF12
 2688 009b 03       		.byte	0x3
 2689 009c 1F       		.byte	0x1f
 2690 009d A7000000 		.4byte	0xa7
 2691 00a1 05       		.uleb128 0x5
 2692 00a2 03       		.byte	0x3
 2693 00a3 00000000 		.4byte	cy_meta_configecc
 2694 00a7 07       		.uleb128 0x7
 2695 00a8 79000000 		.4byte	0x79
 2696 00ac 05       		.uleb128 0x5
 2697 00ad 91000000 		.4byte	0x91
 2698 00b1 BC000000 		.4byte	0xbc
 2699 00b5 09       		.uleb128 0x9
 2700 00b6 8A000000 		.4byte	0x8a
 2701 00ba 03       		.byte	0x3
 2702 00bb 00       		.byte	0
 2703 00bc 0A       		.uleb128 0xa
 2704 00bd 2D010000 		.4byte	.LASF13
 2705 00c1 03       		.byte	0x3
 2706 00c2 6901     		.2byte	0x169
 2707 00c4 CE000000 		.4byte	0xce
 2708 00c8 05       		.uleb128 0x5
 2709 00c9 03       		.byte	0x3
 2710 00ca 00000000 		.4byte	cy_meta_custnvl
 2711 00ce 07       		.uleb128 0x7
 2712 00cf AC000000 		.4byte	0xac
 2713 00d3 0A       		.uleb128 0xa
 2714 00d4 90010000 		.4byte	.LASF14
 2715 00d8 03       		.byte	0x3
 2716 00d9 7701     		.2byte	0x177
 2717 00db E5000000 		.4byte	0xe5
 2718 00df 05       		.uleb128 0x5
 2719 00e0 03       		.byte	0x3
 2720 00e1 00000000 		.4byte	cy_meta_wonvl
 2721 00e5 07       		.uleb128 0x7
 2722 00e6 AC000000 		.4byte	0xac
 2723 00ea 05       		.uleb128 0x5
 2724 00eb 91000000 		.4byte	0x91
 2725 00ef FA000000 		.4byte	0xfa
 2726 00f3 09       		.uleb128 0x9
 2727 00f4 8A000000 		.4byte	0x8a
 2728 00f8 FF       		.byte	0xff
 2729 00f9 00       		.byte	0
 2730 00fa 0A       		.uleb128 0xa
 2731 00fb 7B010000 		.4byte	.LASF15
 2732 00ff 03       		.byte	0x3
ARM GAS  C:\Users\nkhedkar\AppData\Local\Temp\ccaT051u.s 			page 49


 2733 0100 8501     		.2byte	0x185
 2734 0102 0C010000 		.4byte	0x10c
 2735 0106 05       		.uleb128 0x5
 2736 0107 03       		.byte	0x3
 2737 0108 00000000 		.4byte	cy_meta_flashprotect
 2738 010c 07       		.uleb128 0x7
 2739 010d EA000000 		.4byte	0xea
 2740 0111 05       		.uleb128 0x5
 2741 0112 91000000 		.4byte	0x91
 2742 0116 21010000 		.4byte	0x121
 2743 011a 09       		.uleb128 0x9
 2744 011b 8A000000 		.4byte	0x8a
 2745 011f 0B       		.byte	0xb
 2746 0120 00       		.byte	0
 2747 0121 0A       		.uleb128 0xa
 2748 0122 0A000000 		.4byte	.LASF16
 2749 0126 03       		.byte	0x3
 2750 0127 B201     		.2byte	0x1b2
 2751 0129 33010000 		.4byte	0x133
 2752 012d 05       		.uleb128 0x5
 2753 012e 03       		.byte	0x3
 2754 012f 00000000 		.4byte	cy_metadata
 2755 0133 07       		.uleb128 0x7
 2756 0134 11010000 		.4byte	0x111
 2757 0138 00       		.byte	0
 2758              		.section	.debug_abbrev,"",%progbits
 2759              	.Ldebug_abbrev0:
 2760 0000 01       		.uleb128 0x1
 2761 0001 11       		.uleb128 0x11
 2762 0002 01       		.byte	0x1
 2763 0003 25       		.uleb128 0x25
 2764 0004 0E       		.uleb128 0xe
 2765 0005 13       		.uleb128 0x13
 2766 0006 0B       		.uleb128 0xb
 2767 0007 03       		.uleb128 0x3
 2768 0008 0E       		.uleb128 0xe
 2769 0009 1B       		.uleb128 0x1b
 2770 000a 0E       		.uleb128 0xe
 2771 000b 10       		.uleb128 0x10
 2772 000c 17       		.uleb128 0x17
 2773 000d 00       		.byte	0
 2774 000e 00       		.byte	0
 2775 000f 02       		.uleb128 0x2
 2776 0010 24       		.uleb128 0x24
 2777 0011 00       		.byte	0
 2778 0012 0B       		.uleb128 0xb
 2779 0013 0B       		.uleb128 0xb
 2780 0014 3E       		.uleb128 0x3e
 2781 0015 0B       		.uleb128 0xb
 2782 0016 03       		.uleb128 0x3
 2783 0017 0E       		.uleb128 0xe
 2784 0018 00       		.byte	0
 2785 0019 00       		.byte	0
 2786 001a 03       		.uleb128 0x3
 2787 001b 16       		.uleb128 0x16
 2788 001c 00       		.byte	0
 2789 001d 03       		.uleb128 0x3
ARM GAS  C:\Users\nkhedkar\AppData\Local\Temp\ccaT051u.s 			page 50


 2790 001e 0E       		.uleb128 0xe
 2791 001f 3A       		.uleb128 0x3a
 2792 0020 0B       		.uleb128 0xb
 2793 0021 3B       		.uleb128 0x3b
 2794 0022 0B       		.uleb128 0xb
 2795 0023 49       		.uleb128 0x49
 2796 0024 13       		.uleb128 0x13
 2797 0025 00       		.byte	0
 2798 0026 00       		.byte	0
 2799 0027 04       		.uleb128 0x4
 2800 0028 24       		.uleb128 0x24
 2801 0029 00       		.byte	0
 2802 002a 0B       		.uleb128 0xb
 2803 002b 0B       		.uleb128 0xb
 2804 002c 3E       		.uleb128 0x3e
 2805 002d 0B       		.uleb128 0xb
 2806 002e 03       		.uleb128 0x3
 2807 002f 08       		.uleb128 0x8
 2808 0030 00       		.byte	0
 2809 0031 00       		.byte	0
 2810 0032 05       		.uleb128 0x5
 2811 0033 01       		.uleb128 0x1
 2812 0034 01       		.byte	0x1
 2813 0035 49       		.uleb128 0x49
 2814 0036 13       		.uleb128 0x13
 2815 0037 01       		.uleb128 0x1
 2816 0038 13       		.uleb128 0x13
 2817 0039 00       		.byte	0
 2818 003a 00       		.byte	0
 2819 003b 06       		.uleb128 0x6
 2820 003c 21       		.uleb128 0x21
 2821 003d 00       		.byte	0
 2822 003e 49       		.uleb128 0x49
 2823 003f 13       		.uleb128 0x13
 2824 0040 2F       		.uleb128 0x2f
 2825 0041 05       		.uleb128 0x5
 2826 0042 00       		.byte	0
 2827 0043 00       		.byte	0
 2828 0044 07       		.uleb128 0x7
 2829 0045 26       		.uleb128 0x26
 2830 0046 00       		.byte	0
 2831 0047 49       		.uleb128 0x49
 2832 0048 13       		.uleb128 0x13
 2833 0049 00       		.byte	0
 2834 004a 00       		.byte	0
 2835 004b 08       		.uleb128 0x8
 2836 004c 34       		.uleb128 0x34
 2837 004d 00       		.byte	0
 2838 004e 03       		.uleb128 0x3
 2839 004f 0E       		.uleb128 0xe
 2840 0050 3A       		.uleb128 0x3a
 2841 0051 0B       		.uleb128 0xb
 2842 0052 3B       		.uleb128 0x3b
 2843 0053 0B       		.uleb128 0xb
 2844 0054 49       		.uleb128 0x49
 2845 0055 13       		.uleb128 0x13
 2846 0056 3F       		.uleb128 0x3f
ARM GAS  C:\Users\nkhedkar\AppData\Local\Temp\ccaT051u.s 			page 51


 2847 0057 19       		.uleb128 0x19
 2848 0058 02       		.uleb128 0x2
 2849 0059 18       		.uleb128 0x18
 2850 005a 00       		.byte	0
 2851 005b 00       		.byte	0
 2852 005c 09       		.uleb128 0x9
 2853 005d 21       		.uleb128 0x21
 2854 005e 00       		.byte	0
 2855 005f 49       		.uleb128 0x49
 2856 0060 13       		.uleb128 0x13
 2857 0061 2F       		.uleb128 0x2f
 2858 0062 0B       		.uleb128 0xb
 2859 0063 00       		.byte	0
 2860 0064 00       		.byte	0
 2861 0065 0A       		.uleb128 0xa
 2862 0066 34       		.uleb128 0x34
 2863 0067 00       		.byte	0
 2864 0068 03       		.uleb128 0x3
 2865 0069 0E       		.uleb128 0xe
 2866 006a 3A       		.uleb128 0x3a
 2867 006b 0B       		.uleb128 0xb
 2868 006c 3B       		.uleb128 0x3b
 2869 006d 05       		.uleb128 0x5
 2870 006e 49       		.uleb128 0x49
 2871 006f 13       		.uleb128 0x13
 2872 0070 3F       		.uleb128 0x3f
 2873 0071 19       		.uleb128 0x19
 2874 0072 02       		.uleb128 0x2
 2875 0073 18       		.uleb128 0x18
 2876 0074 00       		.byte	0
 2877 0075 00       		.byte	0
 2878 0076 00       		.byte	0
 2879              		.section	.debug_aranges,"",%progbits
 2880 0000 14000000 		.4byte	0x14
 2881 0004 0200     		.2byte	0x2
 2882 0006 00000000 		.4byte	.Ldebug_info0
 2883 000a 04       		.byte	0x4
 2884 000b 00       		.byte	0
 2885 000c 0000     		.2byte	0
 2886 000e 0000     		.2byte	0
 2887 0010 00000000 		.4byte	0
 2888 0014 00000000 		.4byte	0
 2889              		.section	.debug_line,"",%progbits
 2890              	.Ldebug_line0:
 2891 0000 3D010000 		.section	.debug_str,"MS",%progbits,1
 2891      02003701 
 2891      00000201 
 2891      FB0E0D00 
 2891      01010101 
 2892              	.LASF9:
 2893 0000 5F5F7569 		.ascii	"__uint8_t\000"
 2893      6E74385F 
 2893      7400
 2894              	.LASF16:
 2895 000a 63795F6D 		.ascii	"cy_metadata\000"
 2895      65746164 
 2895      61746100 
ARM GAS  C:\Users\nkhedkar\AppData\Local\Temp\ccaT051u.s 			page 52


 2896              	.LASF1:
 2897 0016 756E7369 		.ascii	"unsigned char\000"
 2897      676E6564 
 2897      20636861 
 2897      7200
 2898              	.LASF17:
 2899 0024 474E5520 		.ascii	"GNU C11 5.4.1 20160609 (release) [ARM/embedded-5-br"
 2899      43313120 
 2899      352E342E 
 2899      31203230 
 2899      31363036 
 2900 0057 616E6368 		.ascii	"anch revision 237715] -mcpu=cortex-m3 -mthumb -g -O"
 2900      20726576 
 2900      6973696F 
 2900      6E203233 
 2900      37373135 
 2901 008a 67202D66 		.ascii	"g -ffunction-sections -ffat-lto-objects\000"
 2901      66756E63 
 2901      74696F6E 
 2901      2D736563 
 2901      74696F6E 
 2902              	.LASF19:
 2903 00b2 433A5C55 		.ascii	"C:\\Users\\nkhedkar\\Documents\\PSoC Creator\\ELE30"
 2903      73657273 
 2903      5C6E6B68 
 2903      65646B61 
 2903      725C446F 
 2904 00e0 3220576F 		.ascii	"2 Workspace\\navigation\\Navigation.cydsn\000"
 2904      726B7370 
 2904      6163655C 
 2904      6E617669 
 2904      67617469 
 2905              	.LASF5:
 2906 0108 6C6F6E67 		.ascii	"long unsigned int\000"
 2906      20756E73 
 2906      69676E65 
 2906      6420696E 
 2906      7400
 2907              	.LASF3:
 2908 011a 73686F72 		.ascii	"short unsigned int\000"
 2908      7420756E 
 2908      7369676E 
 2908      65642069 
 2908      6E7400
 2909              	.LASF13:
 2910 012d 63795F6D 		.ascii	"cy_meta_custnvl\000"
 2910      6574615F 
 2910      63757374 
 2910      6E766C00 
 2911              	.LASF12:
 2912 013d 63795F6D 		.ascii	"cy_meta_configecc\000"
 2912      6574615F 
 2912      636F6E66 
 2912      69676563 
 2912      6300
 2913              	.LASF8:
 2914 014f 756E7369 		.ascii	"unsigned int\000"
ARM GAS  C:\Users\nkhedkar\AppData\Local\Temp\ccaT051u.s 			page 53


 2914      676E6564 
 2914      20696E74 
 2914      00
 2915              	.LASF7:
 2916 015c 6C6F6E67 		.ascii	"long long unsigned int\000"
 2916      206C6F6E 
 2916      6720756E 
 2916      7369676E 
 2916      65642069 
 2917              	.LASF10:
 2918 0173 75696E74 		.ascii	"uint8_t\000"
 2918      385F7400 
 2919              	.LASF15:
 2920 017b 63795F6D 		.ascii	"cy_meta_flashprotect\000"
 2920      6574615F 
 2920      666C6173 
 2920      6870726F 
 2920      74656374 
 2921              	.LASF14:
 2922 0190 63795F6D 		.ascii	"cy_meta_wonvl\000"
 2922      6574615F 
 2922      776F6E76 
 2922      6C00
 2923              	.LASF11:
 2924 019e 73697A65 		.ascii	"sizetype\000"
 2924      74797065 
 2924      00
 2925              	.LASF6:
 2926 01a7 6C6F6E67 		.ascii	"long long int\000"
 2926      206C6F6E 
 2926      6720696E 
 2926      7400
 2927              	.LASF2:
 2928 01b5 73686F72 		.ascii	"short int\000"
 2928      7420696E 
 2928      7400
 2929              	.LASF4:
 2930 01bf 6C6F6E67 		.ascii	"long int\000"
 2930      20696E74 
 2930      00
 2931              	.LASF0:
 2932 01c8 7369676E 		.ascii	"signed char\000"
 2932      65642063 
 2932      68617200 
 2933              	.LASF18:
 2934 01d4 47656E65 		.ascii	"Generated_Source\\PSoC5\\cymetadata.c\000"
 2934      72617465 
 2934      645F536F 
 2934      75726365 
 2934      5C50536F 
 2935              		.ident	"GCC: (GNU Tools for ARM Embedded Processors) 5.4.1 20160609 (release) [ARM/embedded-5-bran
