ARM GAS  C:\Users\Dhyan\AppData\Local\Temp\ccfaATqp.s 			page 1


   1              		.syntax unified
   2              		.cpu cortex-m3
   3              		.fpu softvfp
   4              		.eabi_attribute 20, 1
   5              		.eabi_attribute 21, 1
   6              		.eabi_attribute 23, 3
   7              		.eabi_attribute 24, 1
   8              		.eabi_attribute 25, 1
   9              		.eabi_attribute 26, 1
  10              		.eabi_attribute 30, 1
  11              		.eabi_attribute 34, 1
  12              		.eabi_attribute 18, 4
  13              		.thumb
  14              		.syntax unified
  15              		.file	"VideoTimerR_PM.c"
  16              		.text
  17              	.Ltext0:
  18              		.cfi_sections	.debug_frame
  19              		.section	.text.VideoTimerR_SaveConfig,"ax",%progbits
  20              		.align	2
  21              		.global	VideoTimerR_SaveConfig
  22              		.thumb
  23              		.thumb_func
  24              		.type	VideoTimerR_SaveConfig, %function
  25              	VideoTimerR_SaveConfig:
  26              	.LFB0:
  27              		.file 1 "Generated_Source\\PSoC5\\VideoTimerR_PM.c"
   1:Generated_Source\PSoC5/VideoTimerR_PM.c **** /*******************************************************************************
   2:Generated_Source\PSoC5/VideoTimerR_PM.c **** * File Name: VideoTimerR_PM.c
   3:Generated_Source\PSoC5/VideoTimerR_PM.c **** * Version 2.80
   4:Generated_Source\PSoC5/VideoTimerR_PM.c **** *
   5:Generated_Source\PSoC5/VideoTimerR_PM.c **** *  Description:
   6:Generated_Source\PSoC5/VideoTimerR_PM.c **** *     This file provides the power management source code to API for the
   7:Generated_Source\PSoC5/VideoTimerR_PM.c **** *     Timer.
   8:Generated_Source\PSoC5/VideoTimerR_PM.c **** *
   9:Generated_Source\PSoC5/VideoTimerR_PM.c **** *   Note:
  10:Generated_Source\PSoC5/VideoTimerR_PM.c **** *     None
  11:Generated_Source\PSoC5/VideoTimerR_PM.c **** *
  12:Generated_Source\PSoC5/VideoTimerR_PM.c **** *******************************************************************************
  13:Generated_Source\PSoC5/VideoTimerR_PM.c **** * Copyright 2008-2017, Cypress Semiconductor Corporation.  All rights reserved.
  14:Generated_Source\PSoC5/VideoTimerR_PM.c **** * You may use this file only in accordance with the license, terms, conditions,
  15:Generated_Source\PSoC5/VideoTimerR_PM.c **** * disclaimers, and limitations in the end user license agreement accompanying
  16:Generated_Source\PSoC5/VideoTimerR_PM.c **** * the software package with which this file was provided.
  17:Generated_Source\PSoC5/VideoTimerR_PM.c **** ********************************************************************************/
  18:Generated_Source\PSoC5/VideoTimerR_PM.c **** 
  19:Generated_Source\PSoC5/VideoTimerR_PM.c **** #include "VideoTimerR.h"
  20:Generated_Source\PSoC5/VideoTimerR_PM.c **** 
  21:Generated_Source\PSoC5/VideoTimerR_PM.c **** static VideoTimerR_backupStruct VideoTimerR_backup;
  22:Generated_Source\PSoC5/VideoTimerR_PM.c **** 
  23:Generated_Source\PSoC5/VideoTimerR_PM.c **** 
  24:Generated_Source\PSoC5/VideoTimerR_PM.c **** /*******************************************************************************
  25:Generated_Source\PSoC5/VideoTimerR_PM.c **** * Function Name: VideoTimerR_SaveConfig
  26:Generated_Source\PSoC5/VideoTimerR_PM.c **** ********************************************************************************
  27:Generated_Source\PSoC5/VideoTimerR_PM.c **** *
  28:Generated_Source\PSoC5/VideoTimerR_PM.c **** * Summary:
  29:Generated_Source\PSoC5/VideoTimerR_PM.c **** *     Save the current user configuration
  30:Generated_Source\PSoC5/VideoTimerR_PM.c **** *
ARM GAS  C:\Users\Dhyan\AppData\Local\Temp\ccfaATqp.s 			page 2


  31:Generated_Source\PSoC5/VideoTimerR_PM.c **** * Parameters:
  32:Generated_Source\PSoC5/VideoTimerR_PM.c **** *  void
  33:Generated_Source\PSoC5/VideoTimerR_PM.c **** *
  34:Generated_Source\PSoC5/VideoTimerR_PM.c **** * Return:
  35:Generated_Source\PSoC5/VideoTimerR_PM.c **** *  void
  36:Generated_Source\PSoC5/VideoTimerR_PM.c **** *
  37:Generated_Source\PSoC5/VideoTimerR_PM.c **** * Global variables:
  38:Generated_Source\PSoC5/VideoTimerR_PM.c **** *  VideoTimerR_backup:  Variables of this global structure are modified to
  39:Generated_Source\PSoC5/VideoTimerR_PM.c **** *  store the values of non retention configuration registers when Sleep() API is
  40:Generated_Source\PSoC5/VideoTimerR_PM.c **** *  called.
  41:Generated_Source\PSoC5/VideoTimerR_PM.c **** *
  42:Generated_Source\PSoC5/VideoTimerR_PM.c **** *******************************************************************************/
  43:Generated_Source\PSoC5/VideoTimerR_PM.c **** void VideoTimerR_SaveConfig(void) 
  44:Generated_Source\PSoC5/VideoTimerR_PM.c **** {
  28              		.loc 1 44 0
  29              		.cfi_startproc
  30              		@ args = 0, pretend = 0, frame = 0
  31              		@ frame_needed = 0, uses_anonymous_args = 0
  32 0000 10B5     		push	{r4, lr}
  33              		.cfi_def_cfa_offset 8
  34              		.cfi_offset 4, -8
  35              		.cfi_offset 14, -4
  45:Generated_Source\PSoC5/VideoTimerR_PM.c ****     #if (!VideoTimerR_UsingFixedFunction)
  46:Generated_Source\PSoC5/VideoTimerR_PM.c ****         VideoTimerR_backup.TimerUdb = VideoTimerR_ReadCounter();
  36              		.loc 1 46 0
  37 0002 FFF7FEFF 		bl	VideoTimerR_ReadCounter
  38              	.LVL0:
  39 0006 064C     		ldr	r4, .L3
  40 0008 6080     		strh	r0, [r4, #2]	@ movhi
  47:Generated_Source\PSoC5/VideoTimerR_PM.c ****         VideoTimerR_backup.InterruptMaskValue = VideoTimerR_STATUS_MASK;
  41              		.loc 1 47 0
  42 000a 064B     		ldr	r3, .L3+4
  43 000c 1B78     		ldrb	r3, [r3]	@ zero_extendqisi2
  44 000e 2371     		strb	r3, [r4, #4]
  48:Generated_Source\PSoC5/VideoTimerR_PM.c ****         #if (VideoTimerR_UsingHWCaptureCounter)
  49:Generated_Source\PSoC5/VideoTimerR_PM.c ****             VideoTimerR_backup.TimerCaptureCounter = VideoTimerR_ReadCaptureCount();
  45              		.loc 1 49 0
  46 0010 FFF7FEFF 		bl	VideoTimerR_ReadCaptureCount
  47              	.LVL1:
  48 0014 6071     		strb	r0, [r4, #5]
  50:Generated_Source\PSoC5/VideoTimerR_PM.c ****         #endif /* Back Up capture counter register  */
  51:Generated_Source\PSoC5/VideoTimerR_PM.c **** 
  52:Generated_Source\PSoC5/VideoTimerR_PM.c ****         #if(!VideoTimerR_UDB_CONTROL_REG_REMOVED)
  53:Generated_Source\PSoC5/VideoTimerR_PM.c ****             VideoTimerR_backup.TimerControlRegister = VideoTimerR_ReadControlRegister();
  49              		.loc 1 53 0
  50 0016 FFF7FEFF 		bl	VideoTimerR_ReadControlRegister
  51              	.LVL2:
  52 001a A071     		strb	r0, [r4, #6]
  53 001c 10BD     		pop	{r4, pc}
  54              	.L4:
  55 001e 00BF     		.align	2
  56              	.L3:
  57 0020 00000000 		.word	.LANCHOR0
  58 0024 83640040 		.word	1073767555
  59              		.cfi_endproc
  60              	.LFE0:
  61              		.size	VideoTimerR_SaveConfig, .-VideoTimerR_SaveConfig
ARM GAS  C:\Users\Dhyan\AppData\Local\Temp\ccfaATqp.s 			page 3


  62              		.section	.text.VideoTimerR_RestoreConfig,"ax",%progbits
  63              		.align	2
  64              		.global	VideoTimerR_RestoreConfig
  65              		.thumb
  66              		.thumb_func
  67              		.type	VideoTimerR_RestoreConfig, %function
  68              	VideoTimerR_RestoreConfig:
  69              	.LFB1:
  54:Generated_Source\PSoC5/VideoTimerR_PM.c ****         #endif /* Backup the enable state of the Timer component */
  55:Generated_Source\PSoC5/VideoTimerR_PM.c ****     #endif /* Backup non retention registers in UDB implementation. All fixed function registers ar
  56:Generated_Source\PSoC5/VideoTimerR_PM.c **** }
  57:Generated_Source\PSoC5/VideoTimerR_PM.c **** 
  58:Generated_Source\PSoC5/VideoTimerR_PM.c **** 
  59:Generated_Source\PSoC5/VideoTimerR_PM.c **** /*******************************************************************************
  60:Generated_Source\PSoC5/VideoTimerR_PM.c **** * Function Name: VideoTimerR_RestoreConfig
  61:Generated_Source\PSoC5/VideoTimerR_PM.c **** ********************************************************************************
  62:Generated_Source\PSoC5/VideoTimerR_PM.c **** *
  63:Generated_Source\PSoC5/VideoTimerR_PM.c **** * Summary:
  64:Generated_Source\PSoC5/VideoTimerR_PM.c **** *  Restores the current user configuration.
  65:Generated_Source\PSoC5/VideoTimerR_PM.c **** *
  66:Generated_Source\PSoC5/VideoTimerR_PM.c **** * Parameters:
  67:Generated_Source\PSoC5/VideoTimerR_PM.c **** *  void
  68:Generated_Source\PSoC5/VideoTimerR_PM.c **** *
  69:Generated_Source\PSoC5/VideoTimerR_PM.c **** * Return:
  70:Generated_Source\PSoC5/VideoTimerR_PM.c **** *  void
  71:Generated_Source\PSoC5/VideoTimerR_PM.c **** *
  72:Generated_Source\PSoC5/VideoTimerR_PM.c **** * Global variables:
  73:Generated_Source\PSoC5/VideoTimerR_PM.c **** *  VideoTimerR_backup:  Variables of this global structure are used to
  74:Generated_Source\PSoC5/VideoTimerR_PM.c **** *  restore the values of non retention registers on wakeup from sleep mode.
  75:Generated_Source\PSoC5/VideoTimerR_PM.c **** *
  76:Generated_Source\PSoC5/VideoTimerR_PM.c **** *******************************************************************************/
  77:Generated_Source\PSoC5/VideoTimerR_PM.c **** void VideoTimerR_RestoreConfig(void) 
  78:Generated_Source\PSoC5/VideoTimerR_PM.c **** {   
  70              		.loc 1 78 0
  71              		.cfi_startproc
  72              		@ args = 0, pretend = 0, frame = 0
  73              		@ frame_needed = 0, uses_anonymous_args = 0
  74 0000 10B5     		push	{r4, lr}
  75              		.cfi_def_cfa_offset 8
  76              		.cfi_offset 4, -8
  77              		.cfi_offset 14, -4
  79:Generated_Source\PSoC5/VideoTimerR_PM.c ****     #if (!VideoTimerR_UsingFixedFunction)
  80:Generated_Source\PSoC5/VideoTimerR_PM.c **** 
  81:Generated_Source\PSoC5/VideoTimerR_PM.c ****         VideoTimerR_WriteCounter(VideoTimerR_backup.TimerUdb);
  78              		.loc 1 81 0
  79 0002 074C     		ldr	r4, .L7
  80 0004 6088     		ldrh	r0, [r4, #2]
  81 0006 FFF7FEFF 		bl	VideoTimerR_WriteCounter
  82              	.LVL3:
  82:Generated_Source\PSoC5/VideoTimerR_PM.c ****         VideoTimerR_STATUS_MASK =VideoTimerR_backup.InterruptMaskValue;
  83              		.loc 1 82 0
  84 000a 2279     		ldrb	r2, [r4, #4]	@ zero_extendqisi2
  85 000c 054B     		ldr	r3, .L7+4
  86 000e 1A70     		strb	r2, [r3]
  83:Generated_Source\PSoC5/VideoTimerR_PM.c ****         #if (VideoTimerR_UsingHWCaptureCounter)
  84:Generated_Source\PSoC5/VideoTimerR_PM.c ****             VideoTimerR_SetCaptureCount(VideoTimerR_backup.TimerCaptureCounter);
  87              		.loc 1 84 0
ARM GAS  C:\Users\Dhyan\AppData\Local\Temp\ccfaATqp.s 			page 4


  88 0010 6079     		ldrb	r0, [r4, #5]	@ zero_extendqisi2
  89 0012 FFF7FEFF 		bl	VideoTimerR_SetCaptureCount
  90              	.LVL4:
  85:Generated_Source\PSoC5/VideoTimerR_PM.c ****         #endif /* Restore Capture counter register*/
  86:Generated_Source\PSoC5/VideoTimerR_PM.c **** 
  87:Generated_Source\PSoC5/VideoTimerR_PM.c ****         #if(!VideoTimerR_UDB_CONTROL_REG_REMOVED)
  88:Generated_Source\PSoC5/VideoTimerR_PM.c ****             VideoTimerR_WriteControlRegister(VideoTimerR_backup.TimerControlRegister);
  91              		.loc 1 88 0
  92 0016 A079     		ldrb	r0, [r4, #6]	@ zero_extendqisi2
  93 0018 FFF7FEFF 		bl	VideoTimerR_WriteControlRegister
  94              	.LVL5:
  95 001c 10BD     		pop	{r4, pc}
  96              	.L8:
  97 001e 00BF     		.align	2
  98              	.L7:
  99 0020 00000000 		.word	.LANCHOR0
 100 0024 83640040 		.word	1073767555
 101              		.cfi_endproc
 102              	.LFE1:
 103              		.size	VideoTimerR_RestoreConfig, .-VideoTimerR_RestoreConfig
 104              		.section	.text.VideoTimerR_Sleep,"ax",%progbits
 105              		.align	2
 106              		.global	VideoTimerR_Sleep
 107              		.thumb
 108              		.thumb_func
 109              		.type	VideoTimerR_Sleep, %function
 110              	VideoTimerR_Sleep:
 111              	.LFB2:
  89:Generated_Source\PSoC5/VideoTimerR_PM.c ****         #endif /* Restore the enable state of the Timer component */
  90:Generated_Source\PSoC5/VideoTimerR_PM.c ****     #endif /* Restore non retention registers in the UDB implementation only */
  91:Generated_Source\PSoC5/VideoTimerR_PM.c **** }
  92:Generated_Source\PSoC5/VideoTimerR_PM.c **** 
  93:Generated_Source\PSoC5/VideoTimerR_PM.c **** 
  94:Generated_Source\PSoC5/VideoTimerR_PM.c **** /*******************************************************************************
  95:Generated_Source\PSoC5/VideoTimerR_PM.c **** * Function Name: VideoTimerR_Sleep
  96:Generated_Source\PSoC5/VideoTimerR_PM.c **** ********************************************************************************
  97:Generated_Source\PSoC5/VideoTimerR_PM.c **** *
  98:Generated_Source\PSoC5/VideoTimerR_PM.c **** * Summary:
  99:Generated_Source\PSoC5/VideoTimerR_PM.c **** *     Stop and Save the user configuration
 100:Generated_Source\PSoC5/VideoTimerR_PM.c **** *
 101:Generated_Source\PSoC5/VideoTimerR_PM.c **** * Parameters:
 102:Generated_Source\PSoC5/VideoTimerR_PM.c **** *  void
 103:Generated_Source\PSoC5/VideoTimerR_PM.c **** *
 104:Generated_Source\PSoC5/VideoTimerR_PM.c **** * Return:
 105:Generated_Source\PSoC5/VideoTimerR_PM.c **** *  void
 106:Generated_Source\PSoC5/VideoTimerR_PM.c **** *
 107:Generated_Source\PSoC5/VideoTimerR_PM.c **** * Global variables:
 108:Generated_Source\PSoC5/VideoTimerR_PM.c **** *  VideoTimerR_backup.TimerEnableState:  Is modified depending on the
 109:Generated_Source\PSoC5/VideoTimerR_PM.c **** *  enable state of the block before entering sleep mode.
 110:Generated_Source\PSoC5/VideoTimerR_PM.c **** *
 111:Generated_Source\PSoC5/VideoTimerR_PM.c **** *******************************************************************************/
 112:Generated_Source\PSoC5/VideoTimerR_PM.c **** void VideoTimerR_Sleep(void) 
 113:Generated_Source\PSoC5/VideoTimerR_PM.c **** {
 112              		.loc 1 113 0
 113              		.cfi_startproc
 114              		@ args = 0, pretend = 0, frame = 0
 115              		@ frame_needed = 0, uses_anonymous_args = 0
ARM GAS  C:\Users\Dhyan\AppData\Local\Temp\ccfaATqp.s 			page 5


 116 0000 08B5     		push	{r3, lr}
 117              		.cfi_def_cfa_offset 8
 118              		.cfi_offset 3, -8
 119              		.cfi_offset 14, -4
 114:Generated_Source\PSoC5/VideoTimerR_PM.c ****     #if(!VideoTimerR_UDB_CONTROL_REG_REMOVED)
 115:Generated_Source\PSoC5/VideoTimerR_PM.c ****         /* Save Counter's enable state */
 116:Generated_Source\PSoC5/VideoTimerR_PM.c ****         if(VideoTimerR_CTRL_ENABLE == (VideoTimerR_CONTROL & VideoTimerR_CTRL_ENABLE))
 120              		.loc 1 116 0
 121 0002 084B     		ldr	r3, .L13
 122 0004 1B78     		ldrb	r3, [r3]	@ zero_extendqisi2
 123 0006 13F0800F 		tst	r3, #128
 124 000a 03D0     		beq	.L10
 117:Generated_Source\PSoC5/VideoTimerR_PM.c ****         {
 118:Generated_Source\PSoC5/VideoTimerR_PM.c ****             /* Timer is enabled */
 119:Generated_Source\PSoC5/VideoTimerR_PM.c ****             VideoTimerR_backup.TimerEnableState = 1u;
 125              		.loc 1 119 0
 126 000c 0122     		movs	r2, #1
 127 000e 064B     		ldr	r3, .L13+4
 128 0010 1A70     		strb	r2, [r3]
 129 0012 02E0     		b	.L11
 130              	.L10:
 120:Generated_Source\PSoC5/VideoTimerR_PM.c ****         }
 121:Generated_Source\PSoC5/VideoTimerR_PM.c ****         else
 122:Generated_Source\PSoC5/VideoTimerR_PM.c ****         {
 123:Generated_Source\PSoC5/VideoTimerR_PM.c ****             /* Timer is disabled */
 124:Generated_Source\PSoC5/VideoTimerR_PM.c ****             VideoTimerR_backup.TimerEnableState = 0u;
 131              		.loc 1 124 0
 132 0014 0022     		movs	r2, #0
 133 0016 044B     		ldr	r3, .L13+4
 134 0018 1A70     		strb	r2, [r3]
 135              	.L11:
 125:Generated_Source\PSoC5/VideoTimerR_PM.c ****         }
 126:Generated_Source\PSoC5/VideoTimerR_PM.c ****     #endif /* Back up enable state from the Timer control register */
 127:Generated_Source\PSoC5/VideoTimerR_PM.c ****     VideoTimerR_Stop();
 136              		.loc 1 127 0
 137 001a FFF7FEFF 		bl	VideoTimerR_Stop
 138              	.LVL6:
 128:Generated_Source\PSoC5/VideoTimerR_PM.c ****     VideoTimerR_SaveConfig();
 139              		.loc 1 128 0
 140 001e FFF7FEFF 		bl	VideoTimerR_SaveConfig
 141              	.LVL7:
 142 0022 08BD     		pop	{r3, pc}
 143              	.L14:
 144              		.align	2
 145              	.L13:
 146 0024 73640040 		.word	1073767539
 147 0028 00000000 		.word	.LANCHOR0
 148              		.cfi_endproc
 149              	.LFE2:
 150              		.size	VideoTimerR_Sleep, .-VideoTimerR_Sleep
 151              		.section	.text.VideoTimerR_Wakeup,"ax",%progbits
 152              		.align	2
 153              		.global	VideoTimerR_Wakeup
 154              		.thumb
 155              		.thumb_func
 156              		.type	VideoTimerR_Wakeup, %function
 157              	VideoTimerR_Wakeup:
ARM GAS  C:\Users\Dhyan\AppData\Local\Temp\ccfaATqp.s 			page 6


 158              	.LFB3:
 129:Generated_Source\PSoC5/VideoTimerR_PM.c **** }
 130:Generated_Source\PSoC5/VideoTimerR_PM.c **** 
 131:Generated_Source\PSoC5/VideoTimerR_PM.c **** 
 132:Generated_Source\PSoC5/VideoTimerR_PM.c **** /*******************************************************************************
 133:Generated_Source\PSoC5/VideoTimerR_PM.c **** * Function Name: VideoTimerR_Wakeup
 134:Generated_Source\PSoC5/VideoTimerR_PM.c **** ********************************************************************************
 135:Generated_Source\PSoC5/VideoTimerR_PM.c **** *
 136:Generated_Source\PSoC5/VideoTimerR_PM.c **** * Summary:
 137:Generated_Source\PSoC5/VideoTimerR_PM.c **** *  Restores and enables the user configuration
 138:Generated_Source\PSoC5/VideoTimerR_PM.c **** *
 139:Generated_Source\PSoC5/VideoTimerR_PM.c **** * Parameters:
 140:Generated_Source\PSoC5/VideoTimerR_PM.c **** *  void
 141:Generated_Source\PSoC5/VideoTimerR_PM.c **** *
 142:Generated_Source\PSoC5/VideoTimerR_PM.c **** * Return:
 143:Generated_Source\PSoC5/VideoTimerR_PM.c **** *  void
 144:Generated_Source\PSoC5/VideoTimerR_PM.c **** *
 145:Generated_Source\PSoC5/VideoTimerR_PM.c **** * Global variables:
 146:Generated_Source\PSoC5/VideoTimerR_PM.c **** *  VideoTimerR_backup.enableState:  Is used to restore the enable state of
 147:Generated_Source\PSoC5/VideoTimerR_PM.c **** *  block on wakeup from sleep mode.
 148:Generated_Source\PSoC5/VideoTimerR_PM.c **** *
 149:Generated_Source\PSoC5/VideoTimerR_PM.c **** *******************************************************************************/
 150:Generated_Source\PSoC5/VideoTimerR_PM.c **** void VideoTimerR_Wakeup(void) 
 151:Generated_Source\PSoC5/VideoTimerR_PM.c **** {
 159              		.loc 1 151 0
 160              		.cfi_startproc
 161              		@ args = 0, pretend = 0, frame = 0
 162              		@ frame_needed = 0, uses_anonymous_args = 0
 163 0000 08B5     		push	{r3, lr}
 164              		.cfi_def_cfa_offset 8
 165              		.cfi_offset 3, -8
 166              		.cfi_offset 14, -4
 152:Generated_Source\PSoC5/VideoTimerR_PM.c ****     VideoTimerR_RestoreConfig();
 167              		.loc 1 152 0
 168 0002 FFF7FEFF 		bl	VideoTimerR_RestoreConfig
 169              	.LVL8:
 153:Generated_Source\PSoC5/VideoTimerR_PM.c ****     #if(!VideoTimerR_UDB_CONTROL_REG_REMOVED)
 154:Generated_Source\PSoC5/VideoTimerR_PM.c ****         if(VideoTimerR_backup.TimerEnableState == 1u)
 170              		.loc 1 154 0
 171 0006 034B     		ldr	r3, .L18
 172 0008 1B78     		ldrb	r3, [r3]	@ zero_extendqisi2
 173 000a 012B     		cmp	r3, #1
 174 000c 01D1     		bne	.L15
 155:Generated_Source\PSoC5/VideoTimerR_PM.c ****         {     /* Enable Timer's operation */
 156:Generated_Source\PSoC5/VideoTimerR_PM.c ****                 VideoTimerR_Enable();
 175              		.loc 1 156 0
 176 000e FFF7FEFF 		bl	VideoTimerR_Enable
 177              	.LVL9:
 178              	.L15:
 179 0012 08BD     		pop	{r3, pc}
 180              	.L19:
 181              		.align	2
 182              	.L18:
 183 0014 00000000 		.word	.LANCHOR0
 184              		.cfi_endproc
 185              	.LFE3:
 186              		.size	VideoTimerR_Wakeup, .-VideoTimerR_Wakeup
ARM GAS  C:\Users\Dhyan\AppData\Local\Temp\ccfaATqp.s 			page 7


 187              		.bss
 188              		.align	2
 189              		.set	.LANCHOR0,. + 0
 190              		.type	VideoTimerR_backup, %object
 191              		.size	VideoTimerR_backup, 8
 192              	VideoTimerR_backup:
 193 0000 00000000 		.space	8
 193      00000000 
 194              		.text
 195              	.Letext0:
 196              		.file 2 "Generated_Source\\PSoC5\\cytypes.h"
 197              		.file 3 "Generated_Source\\PSoC5\\VideoTimerR.h"
 198              		.section	.debug_info,"",%progbits
 199              	.Ldebug_info0:
 200 0000 1F020000 		.4byte	0x21f
 201 0004 0400     		.2byte	0x4
 202 0006 00000000 		.4byte	.Ldebug_abbrev0
 203 000a 04       		.byte	0x4
 204 000b 01       		.uleb128 0x1
 205 000c E6000000 		.4byte	.LASF35
 206 0010 0C       		.byte	0xc
 207 0011 30000000 		.4byte	.LASF36
 208 0015 91020000 		.4byte	.LASF37
 209 0019 00000000 		.4byte	.Ldebug_ranges0+0
 210 001d 00000000 		.4byte	0
 211 0021 00000000 		.4byte	.Ldebug_line0
 212 0025 02       		.uleb128 0x2
 213 0026 01       		.byte	0x1
 214 0027 06       		.byte	0x6
 215 0028 01030000 		.4byte	.LASF0
 216 002c 02       		.uleb128 0x2
 217 002d 01       		.byte	0x1
 218 002e 08       		.byte	0x8
 219 002f D8000000 		.4byte	.LASF1
 220 0033 02       		.uleb128 0x2
 221 0034 02       		.byte	0x2
 222 0035 05       		.byte	0x5
 223 0036 C9010000 		.4byte	.LASF2
 224 003a 02       		.uleb128 0x2
 225 003b 02       		.byte	0x2
 226 003c 07       		.byte	0x7
 227 003d 72000000 		.4byte	.LASF3
 228 0041 02       		.uleb128 0x2
 229 0042 04       		.byte	0x4
 230 0043 05       		.byte	0x5
 231 0044 EC020000 		.4byte	.LASF4
 232 0048 02       		.uleb128 0x2
 233 0049 04       		.byte	0x4
 234 004a 07       		.byte	0x7
 235 004b 79010000 		.4byte	.LASF5
 236 004f 02       		.uleb128 0x2
 237 0050 08       		.byte	0x8
 238 0051 05       		.byte	0x5
 239 0052 4D020000 		.4byte	.LASF6
 240 0056 02       		.uleb128 0x2
 241 0057 08       		.byte	0x8
 242 0058 07       		.byte	0x7
ARM GAS  C:\Users\Dhyan\AppData\Local\Temp\ccfaATqp.s 			page 8


 243 0059 0C020000 		.4byte	.LASF7
 244 005d 03       		.uleb128 0x3
 245 005e 04       		.byte	0x4
 246 005f 05       		.byte	0x5
 247 0060 696E7400 		.ascii	"int\000"
 248 0064 02       		.uleb128 0x2
 249 0065 04       		.byte	0x4
 250 0066 07       		.byte	0x7
 251 0067 EC010000 		.4byte	.LASF8
 252 006b 04       		.uleb128 0x4
 253 006c 8B010000 		.4byte	.LASF9
 254 0070 02       		.byte	0x2
 255 0071 E401     		.2byte	0x1e4
 256 0073 2C000000 		.4byte	0x2c
 257 0077 04       		.uleb128 0x4
 258 0078 D3010000 		.4byte	.LASF10
 259 007c 02       		.byte	0x2
 260 007d E501     		.2byte	0x1e5
 261 007f 3A000000 		.4byte	0x3a
 262 0083 02       		.uleb128 0x2
 263 0084 04       		.byte	0x4
 264 0085 04       		.byte	0x4
 265 0086 2A000000 		.4byte	.LASF11
 266 008a 02       		.uleb128 0x2
 267 008b 08       		.byte	0x8
 268 008c 04       		.byte	0x4
 269 008d C2010000 		.4byte	.LASF12
 270 0091 02       		.uleb128 0x2
 271 0092 01       		.byte	0x1
 272 0093 08       		.byte	0x8
 273 0094 5B020000 		.4byte	.LASF13
 274 0098 04       		.uleb128 0x4
 275 0099 74010000 		.4byte	.LASF14
 276 009d 02       		.byte	0x2
 277 009e 8E02     		.2byte	0x28e
 278 00a0 A4000000 		.4byte	0xa4
 279 00a4 05       		.uleb128 0x5
 280 00a5 6B000000 		.4byte	0x6b
 281 00a9 02       		.uleb128 0x2
 282 00aa 08       		.byte	0x8
 283 00ab 04       		.byte	0x4
 284 00ac F5020000 		.4byte	.LASF15
 285 00b0 02       		.uleb128 0x2
 286 00b1 04       		.byte	0x4
 287 00b2 07       		.byte	0x7
 288 00b3 44020000 		.4byte	.LASF16
 289 00b7 06       		.uleb128 0x6
 290 00b8 08       		.byte	0x8
 291 00b9 03       		.byte	0x3
 292 00ba 43       		.byte	0x43
 293 00bb FC000000 		.4byte	0xfc
 294 00bf 07       		.uleb128 0x7
 295 00c0 19000000 		.4byte	.LASF17
 296 00c4 03       		.byte	0x3
 297 00c5 45       		.byte	0x45
 298 00c6 6B000000 		.4byte	0x6b
 299 00ca 00       		.byte	0
ARM GAS  C:\Users\Dhyan\AppData\Local\Temp\ccfaATqp.s 			page 9


 300 00cb 07       		.uleb128 0x7
 301 00cc 98000000 		.4byte	.LASF18
 302 00d0 03       		.byte	0x3
 303 00d1 48       		.byte	0x48
 304 00d2 77000000 		.4byte	0x77
 305 00d6 02       		.byte	0x2
 306 00d7 07       		.uleb128 0x7
 307 00d8 20030000 		.4byte	.LASF19
 308 00dc 03       		.byte	0x3
 309 00dd 49       		.byte	0x49
 310 00de 6B000000 		.4byte	0x6b
 311 00e2 04       		.byte	0x4
 312 00e3 07       		.uleb128 0x7
 313 00e4 7D020000 		.4byte	.LASF20
 314 00e8 03       		.byte	0x3
 315 00e9 4B       		.byte	0x4b
 316 00ea 6B000000 		.4byte	0x6b
 317 00ee 05       		.byte	0x5
 318 00ef 07       		.uleb128 0x7
 319 00f0 AD010000 		.4byte	.LASF21
 320 00f4 03       		.byte	0x3
 321 00f5 4F       		.byte	0x4f
 322 00f6 6B000000 		.4byte	0x6b
 323 00fa 06       		.byte	0x6
 324 00fb 00       		.byte	0
 325 00fc 08       		.uleb128 0x8
 326 00fd D3020000 		.4byte	.LASF22
 327 0101 03       		.byte	0x3
 328 0102 53       		.byte	0x53
 329 0103 B7000000 		.4byte	0xb7
 330 0107 09       		.uleb128 0x9
 331 0108 C1000000 		.4byte	.LASF23
 332 010c 01       		.byte	0x1
 333 010d 2B       		.byte	0x2b
 334 010e 00000000 		.4byte	.LFB0
 335 0112 28000000 		.4byte	.LFE0-.LFB0
 336 0116 01       		.uleb128 0x1
 337 0117 9C       		.byte	0x9c
 338 0118 38010000 		.4byte	0x138
 339 011c 0A       		.uleb128 0xa
 340 011d 06000000 		.4byte	.LVL0
 341 0121 CA010000 		.4byte	0x1ca
 342 0125 0A       		.uleb128 0xa
 343 0126 14000000 		.4byte	.LVL1
 344 012a D5010000 		.4byte	0x1d5
 345 012e 0A       		.uleb128 0xa
 346 012f 1A000000 		.4byte	.LVL2
 347 0133 E0010000 		.4byte	0x1e0
 348 0137 00       		.byte	0
 349 0138 09       		.uleb128 0x9
 350 0139 58000000 		.4byte	.LASF24
 351 013d 01       		.byte	0x1
 352 013e 4D       		.byte	0x4d
 353 013f 00000000 		.4byte	.LFB1
 354 0143 28000000 		.4byte	.LFE1-.LFB1
 355 0147 01       		.uleb128 0x1
 356 0148 9C       		.byte	0x9c
ARM GAS  C:\Users\Dhyan\AppData\Local\Temp\ccfaATqp.s 			page 10


 357 0149 69010000 		.4byte	0x169
 358 014d 0A       		.uleb128 0xa
 359 014e 0A000000 		.4byte	.LVL3
 360 0152 EB010000 		.4byte	0x1eb
 361 0156 0A       		.uleb128 0xa
 362 0157 16000000 		.4byte	.LVL4
 363 015b F6010000 		.4byte	0x1f6
 364 015f 0A       		.uleb128 0xa
 365 0160 1C000000 		.4byte	.LVL5
 366 0164 01020000 		.4byte	0x201
 367 0168 00       		.byte	0
 368 0169 09       		.uleb128 0x9
 369 016a DA010000 		.4byte	.LASF25
 370 016e 01       		.byte	0x1
 371 016f 70       		.byte	0x70
 372 0170 00000000 		.4byte	.LFB2
 373 0174 2C000000 		.4byte	.LFE2-.LFB2
 374 0178 01       		.uleb128 0x1
 375 0179 9C       		.byte	0x9c
 376 017a 91010000 		.4byte	0x191
 377 017e 0A       		.uleb128 0xa
 378 017f 1E000000 		.4byte	.LVL6
 379 0183 0C020000 		.4byte	0x20c
 380 0187 0A       		.uleb128 0xa
 381 0188 22000000 		.4byte	.LVL7
 382 018c 07010000 		.4byte	0x107
 383 0190 00       		.byte	0
 384 0191 09       		.uleb128 0x9
 385 0192 0D030000 		.4byte	.LASF26
 386 0196 01       		.byte	0x1
 387 0197 96       		.byte	0x96
 388 0198 00000000 		.4byte	.LFB3
 389 019c 18000000 		.4byte	.LFE3-.LFB3
 390 01a0 01       		.uleb128 0x1
 391 01a1 9C       		.byte	0x9c
 392 01a2 B9010000 		.4byte	0x1b9
 393 01a6 0A       		.uleb128 0xa
 394 01a7 06000000 		.4byte	.LVL8
 395 01ab 38010000 		.4byte	0x138
 396 01af 0A       		.uleb128 0xa
 397 01b0 12000000 		.4byte	.LVL9
 398 01b4 17020000 		.4byte	0x217
 399 01b8 00       		.byte	0
 400 01b9 0B       		.uleb128 0xb
 401 01ba F9010000 		.4byte	.LASF38
 402 01be 01       		.byte	0x1
 403 01bf 15       		.byte	0x15
 404 01c0 FC000000 		.4byte	0xfc
 405 01c4 05       		.uleb128 0x5
 406 01c5 03       		.byte	0x3
 407 01c6 00000000 		.4byte	VideoTimerR_backup
 408 01ca 0C       		.uleb128 0xc
 409 01cb 44030000 		.4byte	.LASF27
 410 01cf 44030000 		.4byte	.LASF27
 411 01d3 03       		.byte	0x3
 412 01d4 69       		.byte	0x69
 413 01d5 0C       		.uleb128 0xc
ARM GAS  C:\Users\Dhyan\AppData\Local\Temp\ccfaATqp.s 			page 11


 414 01d6 60020000 		.4byte	.LASF28
 415 01da 60020000 		.4byte	.LASF28
 416 01de 03       		.byte	0x3
 417 01df 83       		.byte	0x83
 418 01e0 0C       		.uleb128 0xc
 419 01e1 A1000000 		.4byte	.LASF29
 420 01e5 A1000000 		.4byte	.LASF29
 421 01e9 03       		.byte	0x3
 422 01ea 63       		.byte	0x63
 423 01eb 0C       		.uleb128 0xc
 424 01ec 00000000 		.4byte	.LASF30
 425 01f0 00000000 		.4byte	.LASF30
 426 01f4 03       		.byte	0x3
 427 01f5 6A       		.byte	0x6a
 428 01f6 0C       		.uleb128 0xc
 429 01f7 91010000 		.4byte	.LASF31
 430 01fb 91010000 		.4byte	.LASF31
 431 01ff 03       		.byte	0x3
 432 0200 82       		.byte	0x82
 433 0201 0C       		.uleb128 0xc
 434 0202 23020000 		.4byte	.LASF32
 435 0206 23020000 		.4byte	.LASF32
 436 020a 03       		.byte	0x3
 437 020b 64       		.byte	0x64
 438 020c 0C       		.uleb128 0xc
 439 020d 33030000 		.4byte	.LASF33
 440 0211 33030000 		.4byte	.LASF33
 441 0215 03       		.byte	0x3
 442 0216 5B       		.byte	0x5b
 443 0217 0C       		.uleb128 0xc
 444 0218 85000000 		.4byte	.LASF34
 445 021c 85000000 		.4byte	.LASF34
 446 0220 03       		.byte	0x3
 447 0221 8B       		.byte	0x8b
 448 0222 00       		.byte	0
 449              		.section	.debug_abbrev,"",%progbits
 450              	.Ldebug_abbrev0:
 451 0000 01       		.uleb128 0x1
 452 0001 11       		.uleb128 0x11
 453 0002 01       		.byte	0x1
 454 0003 25       		.uleb128 0x25
 455 0004 0E       		.uleb128 0xe
 456 0005 13       		.uleb128 0x13
 457 0006 0B       		.uleb128 0xb
 458 0007 03       		.uleb128 0x3
 459 0008 0E       		.uleb128 0xe
 460 0009 1B       		.uleb128 0x1b
 461 000a 0E       		.uleb128 0xe
 462 000b 55       		.uleb128 0x55
 463 000c 17       		.uleb128 0x17
 464 000d 11       		.uleb128 0x11
 465 000e 01       		.uleb128 0x1
 466 000f 10       		.uleb128 0x10
 467 0010 17       		.uleb128 0x17
 468 0011 00       		.byte	0
 469 0012 00       		.byte	0
 470 0013 02       		.uleb128 0x2
ARM GAS  C:\Users\Dhyan\AppData\Local\Temp\ccfaATqp.s 			page 12


 471 0014 24       		.uleb128 0x24
 472 0015 00       		.byte	0
 473 0016 0B       		.uleb128 0xb
 474 0017 0B       		.uleb128 0xb
 475 0018 3E       		.uleb128 0x3e
 476 0019 0B       		.uleb128 0xb
 477 001a 03       		.uleb128 0x3
 478 001b 0E       		.uleb128 0xe
 479 001c 00       		.byte	0
 480 001d 00       		.byte	0
 481 001e 03       		.uleb128 0x3
 482 001f 24       		.uleb128 0x24
 483 0020 00       		.byte	0
 484 0021 0B       		.uleb128 0xb
 485 0022 0B       		.uleb128 0xb
 486 0023 3E       		.uleb128 0x3e
 487 0024 0B       		.uleb128 0xb
 488 0025 03       		.uleb128 0x3
 489 0026 08       		.uleb128 0x8
 490 0027 00       		.byte	0
 491 0028 00       		.byte	0
 492 0029 04       		.uleb128 0x4
 493 002a 16       		.uleb128 0x16
 494 002b 00       		.byte	0
 495 002c 03       		.uleb128 0x3
 496 002d 0E       		.uleb128 0xe
 497 002e 3A       		.uleb128 0x3a
 498 002f 0B       		.uleb128 0xb
 499 0030 3B       		.uleb128 0x3b
 500 0031 05       		.uleb128 0x5
 501 0032 49       		.uleb128 0x49
 502 0033 13       		.uleb128 0x13
 503 0034 00       		.byte	0
 504 0035 00       		.byte	0
 505 0036 05       		.uleb128 0x5
 506 0037 35       		.uleb128 0x35
 507 0038 00       		.byte	0
 508 0039 49       		.uleb128 0x49
 509 003a 13       		.uleb128 0x13
 510 003b 00       		.byte	0
 511 003c 00       		.byte	0
 512 003d 06       		.uleb128 0x6
 513 003e 13       		.uleb128 0x13
 514 003f 01       		.byte	0x1
 515 0040 0B       		.uleb128 0xb
 516 0041 0B       		.uleb128 0xb
 517 0042 3A       		.uleb128 0x3a
 518 0043 0B       		.uleb128 0xb
 519 0044 3B       		.uleb128 0x3b
 520 0045 0B       		.uleb128 0xb
 521 0046 01       		.uleb128 0x1
 522 0047 13       		.uleb128 0x13
 523 0048 00       		.byte	0
 524 0049 00       		.byte	0
 525 004a 07       		.uleb128 0x7
 526 004b 0D       		.uleb128 0xd
 527 004c 00       		.byte	0
ARM GAS  C:\Users\Dhyan\AppData\Local\Temp\ccfaATqp.s 			page 13


 528 004d 03       		.uleb128 0x3
 529 004e 0E       		.uleb128 0xe
 530 004f 3A       		.uleb128 0x3a
 531 0050 0B       		.uleb128 0xb
 532 0051 3B       		.uleb128 0x3b
 533 0052 0B       		.uleb128 0xb
 534 0053 49       		.uleb128 0x49
 535 0054 13       		.uleb128 0x13
 536 0055 38       		.uleb128 0x38
 537 0056 0B       		.uleb128 0xb
 538 0057 00       		.byte	0
 539 0058 00       		.byte	0
 540 0059 08       		.uleb128 0x8
 541 005a 16       		.uleb128 0x16
 542 005b 00       		.byte	0
 543 005c 03       		.uleb128 0x3
 544 005d 0E       		.uleb128 0xe
 545 005e 3A       		.uleb128 0x3a
 546 005f 0B       		.uleb128 0xb
 547 0060 3B       		.uleb128 0x3b
 548 0061 0B       		.uleb128 0xb
 549 0062 49       		.uleb128 0x49
 550 0063 13       		.uleb128 0x13
 551 0064 00       		.byte	0
 552 0065 00       		.byte	0
 553 0066 09       		.uleb128 0x9
 554 0067 2E       		.uleb128 0x2e
 555 0068 01       		.byte	0x1
 556 0069 3F       		.uleb128 0x3f
 557 006a 19       		.uleb128 0x19
 558 006b 03       		.uleb128 0x3
 559 006c 0E       		.uleb128 0xe
 560 006d 3A       		.uleb128 0x3a
 561 006e 0B       		.uleb128 0xb
 562 006f 3B       		.uleb128 0x3b
 563 0070 0B       		.uleb128 0xb
 564 0071 27       		.uleb128 0x27
 565 0072 19       		.uleb128 0x19
 566 0073 11       		.uleb128 0x11
 567 0074 01       		.uleb128 0x1
 568 0075 12       		.uleb128 0x12
 569 0076 06       		.uleb128 0x6
 570 0077 40       		.uleb128 0x40
 571 0078 18       		.uleb128 0x18
 572 0079 9742     		.uleb128 0x2117
 573 007b 19       		.uleb128 0x19
 574 007c 01       		.uleb128 0x1
 575 007d 13       		.uleb128 0x13
 576 007e 00       		.byte	0
 577 007f 00       		.byte	0
 578 0080 0A       		.uleb128 0xa
 579 0081 898201   		.uleb128 0x4109
 580 0084 00       		.byte	0
 581 0085 11       		.uleb128 0x11
 582 0086 01       		.uleb128 0x1
 583 0087 31       		.uleb128 0x31
 584 0088 13       		.uleb128 0x13
ARM GAS  C:\Users\Dhyan\AppData\Local\Temp\ccfaATqp.s 			page 14


 585 0089 00       		.byte	0
 586 008a 00       		.byte	0
 587 008b 0B       		.uleb128 0xb
 588 008c 34       		.uleb128 0x34
 589 008d 00       		.byte	0
 590 008e 03       		.uleb128 0x3
 591 008f 0E       		.uleb128 0xe
 592 0090 3A       		.uleb128 0x3a
 593 0091 0B       		.uleb128 0xb
 594 0092 3B       		.uleb128 0x3b
 595 0093 0B       		.uleb128 0xb
 596 0094 49       		.uleb128 0x49
 597 0095 13       		.uleb128 0x13
 598 0096 02       		.uleb128 0x2
 599 0097 18       		.uleb128 0x18
 600 0098 00       		.byte	0
 601 0099 00       		.byte	0
 602 009a 0C       		.uleb128 0xc
 603 009b 2E       		.uleb128 0x2e
 604 009c 00       		.byte	0
 605 009d 3F       		.uleb128 0x3f
 606 009e 19       		.uleb128 0x19
 607 009f 3C       		.uleb128 0x3c
 608 00a0 19       		.uleb128 0x19
 609 00a1 6E       		.uleb128 0x6e
 610 00a2 0E       		.uleb128 0xe
 611 00a3 03       		.uleb128 0x3
 612 00a4 0E       		.uleb128 0xe
 613 00a5 3A       		.uleb128 0x3a
 614 00a6 0B       		.uleb128 0xb
 615 00a7 3B       		.uleb128 0x3b
 616 00a8 0B       		.uleb128 0xb
 617 00a9 00       		.byte	0
 618 00aa 00       		.byte	0
 619 00ab 00       		.byte	0
 620              		.section	.debug_aranges,"",%progbits
 621 0000 34000000 		.4byte	0x34
 622 0004 0200     		.2byte	0x2
 623 0006 00000000 		.4byte	.Ldebug_info0
 624 000a 04       		.byte	0x4
 625 000b 00       		.byte	0
 626 000c 0000     		.2byte	0
 627 000e 0000     		.2byte	0
 628 0010 00000000 		.4byte	.LFB0
 629 0014 28000000 		.4byte	.LFE0-.LFB0
 630 0018 00000000 		.4byte	.LFB1
 631 001c 28000000 		.4byte	.LFE1-.LFB1
 632 0020 00000000 		.4byte	.LFB2
 633 0024 2C000000 		.4byte	.LFE2-.LFB2
 634 0028 00000000 		.4byte	.LFB3
 635 002c 18000000 		.4byte	.LFE3-.LFB3
 636 0030 00000000 		.4byte	0
 637 0034 00000000 		.4byte	0
 638              		.section	.debug_ranges,"",%progbits
 639              	.Ldebug_ranges0:
 640 0000 00000000 		.4byte	.LFB0
 641 0004 28000000 		.4byte	.LFE0
ARM GAS  C:\Users\Dhyan\AppData\Local\Temp\ccfaATqp.s 			page 15


 642 0008 00000000 		.4byte	.LFB1
 643 000c 28000000 		.4byte	.LFE1
 644 0010 00000000 		.4byte	.LFB2
 645 0014 2C000000 		.4byte	.LFE2
 646 0018 00000000 		.4byte	.LFB3
 647 001c 18000000 		.4byte	.LFE3
 648 0020 00000000 		.4byte	0
 649 0024 00000000 		.4byte	0
 650              		.section	.debug_line,"",%progbits
 651              	.Ldebug_line0:
 652 0000 B1000000 		.section	.debug_str,"MS",%progbits,1
 652      02005C00 
 652      00000201 
 652      FB0E0D00 
 652      01010101 
 653              	.LASF30:
 654 0000 56696465 		.ascii	"VideoTimerR_WriteCounter\000"
 654      6F54696D 
 654      6572525F 
 654      57726974 
 654      65436F75 
 655              	.LASF17:
 656 0019 54696D65 		.ascii	"TimerEnableState\000"
 656      72456E61 
 656      626C6553 
 656      74617465 
 656      00
 657              	.LASF11:
 658 002a 666C6F61 		.ascii	"float\000"
 658      7400
 659              	.LASF36:
 660 0030 47656E65 		.ascii	"Generated_Source\\PSoC5\\VideoTimerR_PM.c\000"
 660      72617465 
 660      645F536F 
 660      75726365 
 660      5C50536F 
 661              	.LASF24:
 662 0058 56696465 		.ascii	"VideoTimerR_RestoreConfig\000"
 662      6F54696D 
 662      6572525F 
 662      52657374 
 662      6F726543 
 663              	.LASF3:
 664 0072 73686F72 		.ascii	"short unsigned int\000"
 664      7420756E 
 664      7369676E 
 664      65642069 
 664      6E7400
 665              	.LASF34:
 666 0085 56696465 		.ascii	"VideoTimerR_Enable\000"
 666      6F54696D 
 666      6572525F 
 666      456E6162 
 666      6C6500
 667              	.LASF18:
 668 0098 54696D65 		.ascii	"TimerUdb\000"
 668      72556462 
ARM GAS  C:\Users\Dhyan\AppData\Local\Temp\ccfaATqp.s 			page 16


 668      00
 669              	.LASF29:
 670 00a1 56696465 		.ascii	"VideoTimerR_ReadControlRegister\000"
 670      6F54696D 
 670      6572525F 
 670      52656164 
 670      436F6E74 
 671              	.LASF23:
 672 00c1 56696465 		.ascii	"VideoTimerR_SaveConfig\000"
 672      6F54696D 
 672      6572525F 
 672      53617665 
 672      436F6E66 
 673              	.LASF1:
 674 00d8 756E7369 		.ascii	"unsigned char\000"
 674      676E6564 
 674      20636861 
 674      7200
 675              	.LASF35:
 676 00e6 474E5520 		.ascii	"GNU C11 5.4.1 20160609 (release) [ARM/embedded-5-br"
 676      43313120 
 676      352E342E 
 676      31203230 
 676      31363036 
 677 0119 616E6368 		.ascii	"anch revision 237715] -mcpu=cortex-m3 -mthumb -g -O"
 677      20726576 
 677      6973696F 
 677      6E203233 
 677      37373135 
 678 014c 67202D66 		.ascii	"g -ffunction-sections -ffat-lto-objects\000"
 678      66756E63 
 678      74696F6E 
 678      2D736563 
 678      74696F6E 
 679              	.LASF14:
 680 0174 72656738 		.ascii	"reg8\000"
 680      00
 681              	.LASF5:
 682 0179 6C6F6E67 		.ascii	"long unsigned int\000"
 682      20756E73 
 682      69676E65 
 682      6420696E 
 682      7400
 683              	.LASF9:
 684 018b 75696E74 		.ascii	"uint8\000"
 684      3800
 685              	.LASF31:
 686 0191 56696465 		.ascii	"VideoTimerR_SetCaptureCount\000"
 686      6F54696D 
 686      6572525F 
 686      53657443 
 686      61707475 
 687              	.LASF21:
 688 01ad 54696D65 		.ascii	"TimerControlRegister\000"
 688      72436F6E 
 688      74726F6C 
 688      52656769 
ARM GAS  C:\Users\Dhyan\AppData\Local\Temp\ccfaATqp.s 			page 17


 688      73746572 
 689              	.LASF12:
 690 01c2 646F7562 		.ascii	"double\000"
 690      6C6500
 691              	.LASF2:
 692 01c9 73686F72 		.ascii	"short int\000"
 692      7420696E 
 692      7400
 693              	.LASF10:
 694 01d3 75696E74 		.ascii	"uint16\000"
 694      313600
 695              	.LASF25:
 696 01da 56696465 		.ascii	"VideoTimerR_Sleep\000"
 696      6F54696D 
 696      6572525F 
 696      536C6565 
 696      7000
 697              	.LASF8:
 698 01ec 756E7369 		.ascii	"unsigned int\000"
 698      676E6564 
 698      20696E74 
 698      00
 699              	.LASF38:
 700 01f9 56696465 		.ascii	"VideoTimerR_backup\000"
 700      6F54696D 
 700      6572525F 
 700      6261636B 
 700      757000
 701              	.LASF7:
 702 020c 6C6F6E67 		.ascii	"long long unsigned int\000"
 702      206C6F6E 
 702      6720756E 
 702      7369676E 
 702      65642069 
 703              	.LASF32:
 704 0223 56696465 		.ascii	"VideoTimerR_WriteControlRegister\000"
 704      6F54696D 
 704      6572525F 
 704      57726974 
 704      65436F6E 
 705              	.LASF16:
 706 0244 73697A65 		.ascii	"sizetype\000"
 706      74797065 
 706      00
 707              	.LASF6:
 708 024d 6C6F6E67 		.ascii	"long long int\000"
 708      206C6F6E 
 708      6720696E 
 708      7400
 709              	.LASF13:
 710 025b 63686172 		.ascii	"char\000"
 710      00
 711              	.LASF28:
 712 0260 56696465 		.ascii	"VideoTimerR_ReadCaptureCount\000"
 712      6F54696D 
 712      6572525F 
 712      52656164 
ARM GAS  C:\Users\Dhyan\AppData\Local\Temp\ccfaATqp.s 			page 18


 712      43617074 
 713              	.LASF20:
 714 027d 54696D65 		.ascii	"TimerCaptureCounter\000"
 714      72436170 
 714      74757265 
 714      436F756E 
 714      74657200 
 715              	.LASF37:
 716 0291 433A5C55 		.ascii	"C:\\Users\\Dhyan\\Documents\\PSoC Creator\\navigati"
 716      73657273 
 716      5C446879 
 716      616E5C44 
 716      6F63756D 
 717 02bf 6F6E5C4E 		.ascii	"on\\Navigation.cydsn\000"
 717      61766967 
 717      6174696F 
 717      6E2E6379 
 717      64736E00 
 718              	.LASF22:
 719 02d3 56696465 		.ascii	"VideoTimerR_backupStruct\000"
 719      6F54696D 
 719      6572525F 
 719      6261636B 
 719      75705374 
 720              	.LASF4:
 721 02ec 6C6F6E67 		.ascii	"long int\000"
 721      20696E74 
 721      00
 722              	.LASF15:
 723 02f5 6C6F6E67 		.ascii	"long double\000"
 723      20646F75 
 723      626C6500 
 724              	.LASF0:
 725 0301 7369676E 		.ascii	"signed char\000"
 725      65642063 
 725      68617200 
 726              	.LASF26:
 727 030d 56696465 		.ascii	"VideoTimerR_Wakeup\000"
 727      6F54696D 
 727      6572525F 
 727      57616B65 
 727      757000
 728              	.LASF19:
 729 0320 496E7465 		.ascii	"InterruptMaskValue\000"
 729      72727570 
 729      744D6173 
 729      6B56616C 
 729      756500
 730              	.LASF33:
 731 0333 56696465 		.ascii	"VideoTimerR_Stop\000"
 731      6F54696D 
 731      6572525F 
 731      53746F70 
 731      00
 732              	.LASF27:
 733 0344 56696465 		.ascii	"VideoTimerR_ReadCounter\000"
 733      6F54696D 
ARM GAS  C:\Users\Dhyan\AppData\Local\Temp\ccfaATqp.s 			page 19


 733      6572525F 
 733      52656164 
 733      436F756E 
 734              		.ident	"GCC: (GNU Tools for ARM Embedded Processors) 5.4.1 20160609 (release) [ARM/embedded-5-bran
