--------------- Build Started: 03/26/2021 02:18:47 Project: Navigation, Configuration: ARM GCC 5.4-2016-q2-update Debug ---------------
cydsfit.exe -.appdatapath "C:\Users\Dhyan\AppData\Local\Cypress Semiconductor\PSoC Creator\4.2" -.fdsnotice -.fdswarpdepfile=warp_dependencies.txt -.fdselabdepfile=elab_dependencies.txt -.fdsbldfile=generated_files.txt -.fdsreffile=referenced_files.txt -p "C:\Users\Dhyan\Documents\PSoC Creator\navigation\Navigation.cydsn\Navigation.cyprj" -d CY8C5868AXI-LP035 -s "C:\Users\Dhyan\Documents\PSoC Creator\navigation\Navigation.cydsn\Generated_Source\PSoC5" -- -yv2 -q10 -ygs -o2 -v3 -.fftcfgtype=LE
Elaborating Design...
HDL Generation...
Synthesis...
Tech Mapping...
Analog Placement...
Log: apr.M0058: The analog placement iterative improvement is 52% done. (App=cydsfit)
Analog Routing...
Analog Code Generation...
Digital Placement...
Digital Routing...
Bitstream Generation...
Bitstream Verification...
Static timing analysis...
API Generation...
Dependency Generation...
Cleanup...
arm-none-eabi-gcc.exe -mcpu=cortex-m3 -mthumb -I. -IGenerated_Source\PSoC5 -Wa,-alh=.\CortexM3\ARM_GCC_541\Debug/cymetadata.lst -g -D DEBUG -D CY_CORE_ID=0 -Wall -ffunction-sections -ffat-lto-objects -Og -c Generated_Source\PSoC5\cymetadata.c -o .\CortexM3\ARM_GCC_541\Debug\cymetadata.o
arm-none-eabi-ar.exe -rs .\CortexM3\ARM_GCC_541\Debug\Navigation.a .\CortexM3\ARM_GCC_541\Debug\HallEffect.o .\CortexM3\ARM_GCC_541\Debug\HE_Interrupt.o .\CortexM3\ARM_GCC_541\Debug\LCD.o .\CortexM3\ARM_GCC_541\Debug\LCD_PM.o .\CortexM3\ARM_GCC_541\Debug\LCD_LCDPort.o .\CortexM3\ARM_GCC_541\Debug\CyDmac.o .\CortexM3\ARM_GCC_541\Debug\CyFlash.o .\CortexM3\ARM_GCC_541\Debug\CyLib.o .\CortexM3\ARM_GCC_541\Debug\cyPm.o .\CortexM3\ARM_GCC_541\Debug\CySpc.o .\CortexM3\ARM_GCC_541\Debug\cyutils.o .\CortexM3\ARM_GCC_541\Debug\cy_em_eeprom.o .\CortexM3\ARM_GCC_541\Debug\PWM.o .\CortexM3\ARM_GCC_541\Debug\PWM_PM.o .\CortexM3\ARM_GCC_541\Debug\Clock_1.o .\CortexM3\ARM_GCC_541\Debug\Timer.o .\CortexM3\ARM_GCC_541\Debug\Timer_PM.o .\CortexM3\ARM_GCC_541\Debug\Motor.o .\CortexM3\ARM_GCC_541\Debug\UART.o .\CortexM3\ARM_GCC_541\Debug\UART_PM.o .\CortexM3\ARM_GCC_541\Debug\UART_INT.o .\CortexM3\ARM_GCC_541\Debug\UART_BOOT.o .\CortexM3\ARM_GCC_541\Debug\UART_IntClock.o .\CortexM3\ARM_GCC_541\Debug\Clock_2.o .\CortexM3\ARM_GCC_541\Debug\CamOut.o .\CortexM3\ARM_GCC_541\Debug\HSync.o .\CortexM3\ARM_GCC_541\Debug\StartFrame.o .\CortexM3\ARM_GCC_541\Debug\VideoTimer.o .\CortexM3\ARM_GCC_541\Debug\VideoTimer_PM.o .\CortexM3\ARM_GCC_541\Debug\OddEven.o .\CortexM3\ARM_GCC_541\Debug\Black.o .\CortexM3\ARM_GCC_541\Debug\Counter.o .\CortexM3\ARM_GCC_541\Debug\Counter_PM.o .\CortexM3\ARM_GCC_541\Debug\Comp_1.o .\CortexM3\ARM_GCC_541\Debug\Comp_1_PM.o .\CortexM3\ARM_GCC_541\Debug\Vcomp_225V.o .\CortexM3\ARM_GCC_541\Debug\VerifyLeftBlackEdge.o .\CortexM3\ARM_GCC_541\Debug\VerifyCompOut.o .\CortexM3\ARM_GCC_541\Debug\CyBootAsmGnu.o
arm-none-eabi-ar.exe: creating .\CortexM3\ARM_GCC_541\Debug\Navigation.a
arm-none-eabi-gcc.exe -Wl,--start-group -o "C:\Users\Dhyan\Documents\PSoC Creator\navigation\Navigation.cydsn\CortexM3\ARM_GCC_541\Debug\Navigation.elf" .\CortexM3\ARM_GCC_541\Debug\main.o .\CortexM3\ARM_GCC_541\Debug\cyfitter_cfg.o .\CortexM3\ARM_GCC_541\Debug\cymetadata.o .\CortexM3\ARM_GCC_541\Debug\Cm3Start.o .\CortexM3\ARM_GCC_541\Debug\Navigation.a "C:\Program Files (x86)\Cypress\PSoC Creator\4.2\PSoC Creator\psoc\content\cycomponentlibrary\CyComponentLibrary.cylib\CortexM3\ARM_GCC_541\Debug\CyComponentLibrary.a" -mcpu=cortex-m3 -mthumb -L Generated_Source\PSoC5 -Wl,-Map,.\CortexM3\ARM_GCC_541\Debug/Navigation.map -T Generated_Source\PSoC5\cm3gcc.ld -Wl,--gc-sections -u_printf_float -g -ffunction-sections -Og -ffat-lto-objects -Wl,--end-group
cyelftool.exe -C "C:\Users\Dhyan\Documents\PSoC Creator\navigation\Navigation.cydsn\CortexM3\ARM_GCC_541\Debug\Navigation.elf" --flash_row_size 256 --flash_size 262144 --flash_offset 0x00000000
No ELF section .cychecksum found, creating one
Application checksum calculated and stored in ELF section .cychecksum
Checksum calculated and stored in ELF section .cymeta
cyelftool.exe -S "C:\Users\Dhyan\Documents\PSoC Creator\navigation\Navigation.cydsn\CortexM3\ARM_GCC_541\Debug\Navigation.elf"
Flash used: 25504 of 262144 bytes (9.7%).
SRAM used: 9017 of 65536 bytes (13.8%). Stack: 2048 bytes. Heap: 4096 bytes.
--------------- Build Succeeded: 03/26/2021 02:18:57 ---------------
